<?xml version="1.0" encoding="UTF-8"?>
<testsuite xmlns:xsi="http://www.w3.org/2001/XMLSchema-instance" xsi:noNamespaceSchemaLocation="https://maven.apache.org/surefire/maven-surefire-plugin/xsd/surefire-test-report-3.0.xsd" version="3.0" name="com.megasena.aposta.LotoFacilTests" time="42.679" tests="1" errors="1" skipped="0" failures="0">
  <properties>
    <property name="java.specification.version" value="17"/>
    <property name="sun.cpu.isalist" value="amd64"/>
    <property name="sun.jnu.encoding" value="Cp1252"/>
    <property name="java.class.path" value="C:\Users\rafael.osouza\Documents\Projetos\backend\MegaSena\target\test-classes;C:\Users\rafael.osouza\Documents\Projetos\backend\MegaSena\target\classes;C:\Users\rafael.osouza\.m2\repository\org\springframework\boot\spring-boot-starter\3.2.0\spring-boot-starter-3.2.0.jar;C:\Users\rafael.osouza\.m2\repository\org\springframework\boot\spring-boot\3.2.0\spring-boot-3.2.0.jar;C:\Users\rafael.osouza\.m2\repository\org\springframework\spring-context\6.1.1\spring-context-6.1.1.jar;C:\Users\rafael.osouza\.m2\repository\org\springframework\spring-aop\6.1.1\spring-aop-6.1.1.jar;C:\Users\rafael.osouza\.m2\repository\org\springframework\spring-beans\6.1.1\spring-beans-6.1.1.jar;C:\Users\rafael.osouza\.m2\repository\org\springframework\spring-expression\6.1.1\spring-expression-6.1.1.jar;C:\Users\rafael.osouza\.m2\repository\io\micrometer\micrometer-observation\1.12.0\micrometer-observation-1.12.0.jar;C:\Users\rafael.osouza\.m2\repository\io\micrometer\micrometer-commons\1.12.0\micrometer-commons-1.12.0.jar;C:\Users\rafael.osouza\.m2\repository\org\springframework\boot\spring-boot-autoconfigure\3.2.0\spring-boot-autoconfigure-3.2.0.jar;C:\Users\rafael.osouza\.m2\repository\org\springframework\boot\spring-boot-starter-logging\3.2.0\spring-boot-starter-logging-3.2.0.jar;C:\Users\rafael.osouza\.m2\repository\ch\qos\logback\logback-classic\1.4.11\logback-classic-1.4.11.jar;C:\Users\rafael.osouza\.m2\repository\ch\qos\logback\logback-core\1.4.11\logback-core-1.4.11.jar;C:\Users\rafael.osouza\.m2\repository\org\apache\logging\log4j\log4j-to-slf4j\2.21.1\log4j-to-slf4j-2.21.1.jar;C:\Users\rafael.osouza\.m2\repository\org\apache\logging\log4j\log4j-api\2.21.1\log4j-api-2.21.1.jar;C:\Users\rafael.osouza\.m2\repository\org\slf4j\jul-to-slf4j\2.0.9\jul-to-slf4j-2.0.9.jar;C:\Users\rafael.osouza\.m2\repository\jakarta\annotation\jakarta.annotation-api\2.1.1\jakarta.annotation-api-2.1.1.jar;C:\Users\rafael.osouza\.m2\repository\org\springframework\spring-core\6.1.1\spring-core-6.1.1.jar;C:\Users\rafael.osouza\.m2\repository\org\springframework\spring-jcl\6.1.1\spring-jcl-6.1.1.jar;C:\Users\rafael.osouza\.m2\repository\org\yaml\snakeyaml\2.2\snakeyaml-2.2.jar;C:\Users\rafael.osouza\.m2\repository\org\projectlombok\lombok\1.18.30\lombok-1.18.30.jar;C:\Users\rafael.osouza\.m2\repository\org\springframework\boot\spring-boot-starter-test\3.2.0\spring-boot-starter-test-3.2.0.jar;C:\Users\rafael.osouza\.m2\repository\org\springframework\boot\spring-boot-test\3.2.0\spring-boot-test-3.2.0.jar;C:\Users\rafael.osouza\.m2\repository\org\springframework\boot\spring-boot-test-autoconfigure\3.2.0\spring-boot-test-autoconfigure-3.2.0.jar;C:\Users\rafael.osouza\.m2\repository\com\jayway\jsonpath\json-path\2.8.0\json-path-2.8.0.jar;C:\Users\rafael.osouza\.m2\repository\org\slf4j\slf4j-api\2.0.9\slf4j-api-2.0.9.jar;C:\Users\rafael.osouza\.m2\repository\jakarta\xml\bind\jakarta.xml.bind-api\4.0.1\jakarta.xml.bind-api-4.0.1.jar;C:\Users\rafael.osouza\.m2\repository\jakarta\activation\jakarta.activation-api\2.1.2\jakarta.activation-api-2.1.2.jar;C:\Users\rafael.osouza\.m2\repository\net\minidev\json-smart\2.5.0\json-smart-2.5.0.jar;C:\Users\rafael.osouza\.m2\repository\net\minidev\accessors-smart\2.5.0\accessors-smart-2.5.0.jar;C:\Users\rafael.osouza\.m2\repository\org\ow2\asm\asm\9.3\asm-9.3.jar;C:\Users\rafael.osouza\.m2\repository\org\assertj\assertj-core\3.24.2\assertj-core-3.24.2.jar;C:\Users\rafael.osouza\.m2\repository\net\bytebuddy\byte-buddy\1.14.10\byte-buddy-1.14.10.jar;C:\Users\rafael.osouza\.m2\repository\org\awaitility\awaitility\4.2.0\awaitility-4.2.0.jar;C:\Users\rafael.osouza\.m2\repository\org\hamcrest\hamcrest\2.2\hamcrest-2.2.jar;C:\Users\rafael.osouza\.m2\repository\org\junit\jupiter\junit-jupiter\5.10.1\junit-jupiter-5.10.1.jar;C:\Users\rafael.osouza\.m2\repository\org\junit\jupiter\junit-jupiter-api\5.10.1\junit-jupiter-api-5.10.1.jar;C:\Users\rafael.osouza\.m2\repository\org\opentest4j\opentest4j\1.3.0\opentest4j-1.3.0.jar;C:\Users\rafael.osouza\.m2\repository\org\junit\platform\junit-platform-commons\1.10.1\junit-platform-commons-1.10.1.jar;C:\Users\rafael.osouza\.m2\repository\org\apiguardian\apiguardian-api\1.1.2\apiguardian-api-1.1.2.jar;C:\Users\rafael.osouza\.m2\repository\org\junit\jupiter\junit-jupiter-params\5.10.1\junit-jupiter-params-5.10.1.jar;C:\Users\rafael.osouza\.m2\repository\org\junit\jupiter\junit-jupiter-engine\5.10.1\junit-jupiter-engine-5.10.1.jar;C:\Users\rafael.osouza\.m2\repository\org\junit\platform\junit-platform-engine\1.10.1\junit-platform-engine-1.10.1.jar;C:\Users\rafael.osouza\.m2\repository\org\mockito\mockito-core\5.7.0\mockito-core-5.7.0.jar;C:\Users\rafael.osouza\.m2\repository\net\bytebuddy\byte-buddy-agent\1.14.10\byte-buddy-agent-1.14.10.jar;C:\Users\rafael.osouza\.m2\repository\org\objenesis\objenesis\3.3\objenesis-3.3.jar;C:\Users\rafael.osouza\.m2\repository\org\mockito\mockito-junit-jupiter\5.7.0\mockito-junit-jupiter-5.7.0.jar;C:\Users\rafael.osouza\.m2\repository\org\skyscreamer\jsonassert\1.5.1\jsonassert-1.5.1.jar;C:\Users\rafael.osouza\.m2\repository\com\vaadin\external\google\android-json\0.0.20131108.vaadin1\android-json-0.0.20131108.vaadin1.jar;C:\Users\rafael.osouza\.m2\repository\org\springframework\spring-test\6.1.1\spring-test-6.1.1.jar;C:\Users\rafael.osouza\.m2\repository\org\xmlunit\xmlunit-core\2.9.1\xmlunit-core-2.9.1.jar;C:\Users\rafael.osouza\.m2\repository\com\google\code\gson\gson\2.8.9\gson-2.8.9.jar;C:\Users\rafael.osouza\.m2\repository\com\fasterxml\jackson\core\jackson-databind\2.15.0\jackson-databind-2.15.0.jar;C:\Users\rafael.osouza\.m2\repository\com\fasterxml\jackson\core\jackson-annotations\2.15.3\jackson-annotations-2.15.3.jar;C:\Users\rafael.osouza\.m2\repository\com\fasterxml\jackson\core\jackson-core\2.15.3\jackson-core-2.15.3.jar;C:\Users\rafael.osouza\.m2\repository\com\fasterxml\jackson\datatype\jackson-datatype-jsr310\2.15.0\jackson-datatype-jsr310-2.15.0.jar;"/>
    <property name="java.vm.vendor" value="Amazon.com Inc."/>
    <property name="sun.arch.data.model" value="64"/>
    <property name="user.variant" value=""/>
    <property name="java.vendor.url" value="https://aws.amazon.com/corretto/"/>
    <property name="user.timezone" value="America/Sao_Paulo"/>
    <property name="os.name" value="Windows 11"/>
    <property name="java.vm.specification.version" value="17"/>
    <property name="sun.java.launcher" value="SUN_STANDARD"/>
    <property name="user.country" value="BR"/>
    <property name="sun.boot.library.path" value="C:\Users\rafael.osouza\.jdks\corretto-17.0.12\bin"/>
    <property name="sun.java.command" value="C:\Users\rafael.osouza\AppData\Local\Temp\surefire15188921103002150884\surefirebooter-20241221130425604_3.jar C:\Users\rafael.osouza\AppData\Local\Temp\surefire15188921103002150884 2024-12-21T13-04-25_292-jvmRun1 surefire-20241221130425604_1tmp surefire_0-20241221130425604_2tmp"/>
    <property name="jdk.debug" value="release"/>
    <property name="surefire.test.class.path" value="C:\Users\rafael.osouza\Documents\Projetos\backend\MegaSena\target\test-classes;C:\Users\rafael.osouza\Documents\Projetos\backend\MegaSena\target\classes;C:\Users\rafael.osouza\.m2\repository\org\springframework\boot\spring-boot-starter\3.2.0\spring-boot-starter-3.2.0.jar;C:\Users\rafael.osouza\.m2\repository\org\springframework\boot\spring-boot\3.2.0\spring-boot-3.2.0.jar;C:\Users\rafael.osouza\.m2\repository\org\springframework\spring-context\6.1.1\spring-context-6.1.1.jar;C:\Users\rafael.osouza\.m2\repository\org\springframework\spring-aop\6.1.1\spring-aop-6.1.1.jar;C:\Users\rafael.osouza\.m2\repository\org\springframework\spring-beans\6.1.1\spring-beans-6.1.1.jar;C:\Users\rafael.osouza\.m2\repository\org\springframework\spring-expression\6.1.1\spring-expression-6.1.1.jar;C:\Users\rafael.osouza\.m2\repository\io\micrometer\micrometer-observation\1.12.0\micrometer-observation-1.12.0.jar;C:\Users\rafael.osouza\.m2\repository\io\micrometer\micrometer-commons\1.12.0\micrometer-commons-1.12.0.jar;C:\Users\rafael.osouza\.m2\repository\org\springframework\boot\spring-boot-autoconfigure\3.2.0\spring-boot-autoconfigure-3.2.0.jar;C:\Users\rafael.osouza\.m2\repository\org\springframework\boot\spring-boot-starter-logging\3.2.0\spring-boot-starter-logging-3.2.0.jar;C:\Users\rafael.osouza\.m2\repository\ch\qos\logback\logback-classic\1.4.11\logback-classic-1.4.11.jar;C:\Users\rafael.osouza\.m2\repository\ch\qos\logback\logback-core\1.4.11\logback-core-1.4.11.jar;C:\Users\rafael.osouza\.m2\repository\org\apache\logging\log4j\log4j-to-slf4j\2.21.1\log4j-to-slf4j-2.21.1.jar;C:\Users\rafael.osouza\.m2\repository\org\apache\logging\log4j\log4j-api\2.21.1\log4j-api-2.21.1.jar;C:\Users\rafael.osouza\.m2\repository\org\slf4j\jul-to-slf4j\2.0.9\jul-to-slf4j-2.0.9.jar;C:\Users\rafael.osouza\.m2\repository\jakarta\annotation\jakarta.annotation-api\2.1.1\jakarta.annotation-api-2.1.1.jar;C:\Users\rafael.osouza\.m2\repository\org\springframework\spring-core\6.1.1\spring-core-6.1.1.jar;C:\Users\rafael.osouza\.m2\repository\org\springframework\spring-jcl\6.1.1\spring-jcl-6.1.1.jar;C:\Users\rafael.osouza\.m2\repository\org\yaml\snakeyaml\2.2\snakeyaml-2.2.jar;C:\Users\rafael.osouza\.m2\repository\org\projectlombok\lombok\1.18.30\lombok-1.18.30.jar;C:\Users\rafael.osouza\.m2\repository\org\springframework\boot\spring-boot-starter-test\3.2.0\spring-boot-starter-test-3.2.0.jar;C:\Users\rafael.osouza\.m2\repository\org\springframework\boot\spring-boot-test\3.2.0\spring-boot-test-3.2.0.jar;C:\Users\rafael.osouza\.m2\repository\org\springframework\boot\spring-boot-test-autoconfigure\3.2.0\spring-boot-test-autoconfigure-3.2.0.jar;C:\Users\rafael.osouza\.m2\repository\com\jayway\jsonpath\json-path\2.8.0\json-path-2.8.0.jar;C:\Users\rafael.osouza\.m2\repository\org\slf4j\slf4j-api\2.0.9\slf4j-api-2.0.9.jar;C:\Users\rafael.osouza\.m2\repository\jakarta\xml\bind\jakarta.xml.bind-api\4.0.1\jakarta.xml.bind-api-4.0.1.jar;C:\Users\rafael.osouza\.m2\repository\jakarta\activation\jakarta.activation-api\2.1.2\jakarta.activation-api-2.1.2.jar;C:\Users\rafael.osouza\.m2\repository\net\minidev\json-smart\2.5.0\json-smart-2.5.0.jar;C:\Users\rafael.osouza\.m2\repository\net\minidev\accessors-smart\2.5.0\accessors-smart-2.5.0.jar;C:\Users\rafael.osouza\.m2\repository\org\ow2\asm\asm\9.3\asm-9.3.jar;C:\Users\rafael.osouza\.m2\repository\org\assertj\assertj-core\3.24.2\assertj-core-3.24.2.jar;C:\Users\rafael.osouza\.m2\repository\net\bytebuddy\byte-buddy\1.14.10\byte-buddy-1.14.10.jar;C:\Users\rafael.osouza\.m2\repository\org\awaitility\awaitility\4.2.0\awaitility-4.2.0.jar;C:\Users\rafael.osouza\.m2\repository\org\hamcrest\hamcrest\2.2\hamcrest-2.2.jar;C:\Users\rafael.osouza\.m2\repository\org\junit\jupiter\junit-jupiter\5.10.1\junit-jupiter-5.10.1.jar;C:\Users\rafael.osouza\.m2\repository\org\junit\jupiter\junit-jupiter-api\5.10.1\junit-jupiter-api-5.10.1.jar;C:\Users\rafael.osouza\.m2\repository\org\opentest4j\opentest4j\1.3.0\opentest4j-1.3.0.jar;C:\Users\rafael.osouza\.m2\repository\org\junit\platform\junit-platform-commons\1.10.1\junit-platform-commons-1.10.1.jar;C:\Users\rafael.osouza\.m2\repository\org\apiguardian\apiguardian-api\1.1.2\apiguardian-api-1.1.2.jar;C:\Users\rafael.osouza\.m2\repository\org\junit\jupiter\junit-jupiter-params\5.10.1\junit-jupiter-params-5.10.1.jar;C:\Users\rafael.osouza\.m2\repository\org\junit\jupiter\junit-jupiter-engine\5.10.1\junit-jupiter-engine-5.10.1.jar;C:\Users\rafael.osouza\.m2\repository\org\junit\platform\junit-platform-engine\1.10.1\junit-platform-engine-1.10.1.jar;C:\Users\rafael.osouza\.m2\repository\org\mockito\mockito-core\5.7.0\mockito-core-5.7.0.jar;C:\Users\rafael.osouza\.m2\repository\net\bytebuddy\byte-buddy-agent\1.14.10\byte-buddy-agent-1.14.10.jar;C:\Users\rafael.osouza\.m2\repository\org\objenesis\objenesis\3.3\objenesis-3.3.jar;C:\Users\rafael.osouza\.m2\repository\org\mockito\mockito-junit-jupiter\5.7.0\mockito-junit-jupiter-5.7.0.jar;C:\Users\rafael.osouza\.m2\repository\org\skyscreamer\jsonassert\1.5.1\jsonassert-1.5.1.jar;C:\Users\rafael.osouza\.m2\repository\com\vaadin\external\google\android-json\0.0.20131108.vaadin1\android-json-0.0.20131108.vaadin1.jar;C:\Users\rafael.osouza\.m2\repository\org\springframework\spring-test\6.1.1\spring-test-6.1.1.jar;C:\Users\rafael.osouza\.m2\repository\org\xmlunit\xmlunit-core\2.9.1\xmlunit-core-2.9.1.jar;C:\Users\rafael.osouza\.m2\repository\com\google\code\gson\gson\2.8.9\gson-2.8.9.jar;C:\Users\rafael.osouza\.m2\repository\com\fasterxml\jackson\core\jackson-databind\2.15.0\jackson-databind-2.15.0.jar;C:\Users\rafael.osouza\.m2\repository\com\fasterxml\jackson\core\jackson-annotations\2.15.3\jackson-annotations-2.15.3.jar;C:\Users\rafael.osouza\.m2\repository\com\fasterxml\jackson\core\jackson-core\2.15.3\jackson-core-2.15.3.jar;C:\Users\rafael.osouza\.m2\repository\com\fasterxml\jackson\datatype\jackson-datatype-jsr310\2.15.0\jackson-datatype-jsr310-2.15.0.jar;"/>
    <property name="sun.cpu.endian" value="little"/>
    <property name="user.home" value="C:\Users\rafael.osouza"/>
    <property name="user.language" value="pt"/>
    <property name="java.specification.vendor" value="Oracle Corporation"/>
    <property name="java.version.date" value="2024-07-16"/>
    <property name="java.home" value="C:\Users\rafael.osouza\.jdks\corretto-17.0.12"/>
    <property name="file.separator" value="\"/>
    <property name="basedir" value="C:\Users\rafael.osouza\Documents\Projetos\backend\MegaSena"/>
    <property name="java.vm.compressedOopsMode" value="Zero based"/>
    <property name="line.separator" value="&#10;"/>
    <property name="java.vm.specification.vendor" value="Oracle Corporation"/>
    <property name="java.specification.name" value="Java Platform API Specification"/>
    <property name="surefire.real.class.path" value="C:\Users\rafael.osouza\AppData\Local\Temp\surefire15188921103002150884\surefirebooter-20241221130425604_3.jar"/>
    <property name="user.script" value=""/>
    <property name="sun.management.compiler" value="HotSpot 64-Bit Tiered Compilers"/>
    <property name="java.runtime.version" value="17.0.12+7-LTS"/>
    <property name="user.name" value="rafael.osouza"/>
    <property name="path.separator" value=";"/>
    <property name="os.version" value="10.0"/>
    <property name="java.runtime.name" value="OpenJDK Runtime Environment"/>
    <property name="file.encoding" value="Cp1252"/>
    <property name="java.vm.name" value="OpenJDK 64-Bit Server VM"/>
    <property name="java.vendor.version" value="Corretto-17.0.12.7.1"/>
    <property name="localRepository" value="C:\Users\rafael.osouza\.m2\repository"/>
    <property name="java.vendor.url.bug" value="https://github.com/corretto/corretto-17/issues/"/>
    <property name="java.io.tmpdir" value="C:\Users\RAFAEL~1.OSO\AppData\Local\Temp\"/>
    <property name="idea.version" value="2024.1.4"/>
    <property name="java.version" value="17.0.12"/>
    <property name="user.dir" value="C:\Users\rafael.osouza\Documents\Projetos\backend\MegaSena"/>
    <property name="os.arch" value="amd64"/>
    <property name="java.vm.specification.name" value="Java Virtual Machine Specification"/>
    <property name="sun.os.patch.level" value=""/>
    <property name="native.encoding" value="Cp1252"/>
    <property name="java.library.path" value="C:\Users\rafael.osouza\.jdks\corretto-17.0.12\bin;C:\Windows\Sun\Java\bin;C:\Windows\system32;C:\Windows;C:\Python312\Scripts\;C:\Python312\;C:\Windows\system32;C:\Windows;C:\Windows\System32\Wbem;C:\Windows\System32\WindowsPowerShell\v1.0\;C:\Windows\System32\OpenSSH\;C:\Program Files\SafeNet\Authentication\SAC\x64;C:\Program Files\SafeNet\Authentication\SAC\x32;C:\Program Files\Git\cmd;C:\Program Files\Docker\Docker\resources\bin;C:\Program Files\nodejs\;C:\ProgramData\chocolatey\bin;C:\Users\rafael.osouza\AppData\Local\Microsoft\WindowsApps;C:\Users\rafael.osouza\AppData\Local\Programs\Microsoft VS Code\bin;C:\Users\rafael.osouza\AppData\Roaming\npm;C:\Program Files\nodejs\npm;C:\Users\rafael.osouza\AppData\Local\GitHubDesktop\bin;C:\Program Files\heroku\bin;."/>
    <property name="java.vm.info" value="mixed mode, sharing"/>
    <property name="java.vendor" value="Amazon.com Inc."/>
    <property name="java.vm.version" value="17.0.12+7-LTS"/>
    <property name="sun.io.unicode.encoding" value="UnicodeLittle"/>
    <property name="java.class.version" value="61.0"/>
  </properties>
  <testcase name="contextLoads" classname="com.megasena.aposta.LotoFacilTests" time="42.561">
    <error type="java.lang.StackOverflowError"><![CDATA[java.lang.StackOverflowError
	at java.base/java.util.HashMap.putVal(HashMap.java:627)
	at java.base/java.util.HashMap.put(HashMap.java:610)
	at com.google.gson.internal.$Gson$Types.resolve($Gson$Types.java:360)
	at com.google.gson.internal.$Gson$Types.resolve($Gson$Types.java:396)
	at com.google.gson.internal.$Gson$Types.resolve($Gson$Types.java:343)
	at com.google.gson.internal.$Gson$Types.getSupertype($Gson$Types.java:288)
	at com.google.gson.internal.$Gson$Types.getCollectionElementType($Gson$Types.java:307)
	at com.google.gson.internal.bind.CollectionTypeAdapterFactory.create(CollectionTypeAdapterFactory.java:52)
	at com.google.gson.Gson.getAdapter(Gson.java:489)
	at com.google.gson.internal.bind.ReflectiveTypeAdapterFactory.createBoundField(ReflectiveTypeAdapterFactory.java:117)
	at com.google.gson.internal.bind.ReflectiveTypeAdapterFactory.getBoundFields(ReflectiveTypeAdapterFactory.java:166)
	at com.google.gson.internal.bind.ReflectiveTypeAdapterFactory.create(ReflectiveTypeAdapterFactory.java:102)
	at com.google.gson.Gson.getAdapter(Gson.java:489)
	at com.google.gson.internal.bind.CollectionTypeAdapterFactory.create(CollectionTypeAdapterFactory.java:53)
	at com.google.gson.Gson.getAdapter(Gson.java:489)
	at com.google.gson.Gson.fromJson(Gson.java:962)
	at com.google.gson.Gson.fromJson(Gson.java:928)
	at com.google.gson.Gson.fromJson(Gson.java:877)
	at com.megasena.aposta.utils.ApostaUtils.lerArquivoResultados(ApostaUtils.java:449)
	at com.megasena.aposta.utils.ApostaUtils.buscarResultados(ApostaUtils.java:428)
	at com.megasena.aposta.utils.ApostaUtils.buscarResultadosPorData(ApostaUtils.java:418)
	at com.megasena.aposta.utils.ApostaUtils.buscaMapNumerosRecorrentesPorData(ApostaUtils.java:364)
	at com.megasena.aposta.utils.ApostaUtils.buscarNumeroMinimoRepeticoesPorData(ApostaUtils.java:300)
	at com.megasena.aposta.utils.ApostaUtils.recuperarNumeroMinRepeticoesAno(ApostaUtils.java:91)
	at com.megasena.aposta.utils.ApostaUtils.criarAposta(ApostaUtils.java:181)
	at com.megasena.aposta.utils.ApostaUtils.criarAposta(ApostaUtils.java:198)
	at com.megasena.aposta.utils.ApostaUtils.criarAposta(ApostaUtils.java:198)
	at com.megasena.aposta.utils.ApostaUtils.criarAposta(ApostaUtils.java:198)
	at com.megasena.aposta.utils.ApostaUtils.criarAposta(ApostaUtils.java:198)
	at com.megasena.aposta.utils.ApostaUtils.criarAposta(ApostaUtils.java:198)
	at com.megasena.aposta.utils.ApostaUtils.criarAposta(ApostaUtils.java:198)
	at com.megasena.aposta.utils.ApostaUtils.criarAposta(ApostaUtils.java:198)
	at com.megasena.aposta.utils.ApostaUtils.criarAposta(ApostaUtils.java:198)
	at com.megasena.aposta.utils.ApostaUtils.criarAposta(ApostaUtils.java:198)
	at com.megasena.aposta.utils.ApostaUtils.criarAposta(ApostaUtils.java:198)
	at com.megasena.aposta.utils.ApostaUtils.criarAposta(ApostaUtils.java:198)
	at com.megasena.aposta.utils.ApostaUtils.criarAposta(ApostaUtils.java:198)
	at com.megasena.aposta.utils.ApostaUtils.criarAposta(ApostaUtils.java:198)
	at com.megasena.aposta.utils.ApostaUtils.criarAposta(ApostaUtils.java:198)
	at com.megasena.aposta.utils.ApostaUtils.criarAposta(ApostaUtils.java:198)
	at com.megasena.aposta.utils.ApostaUtils.criarAposta(ApostaUtils.java:198)
	at com.megasena.aposta.utils.ApostaUtils.criarAposta(ApostaUtils.java:198)
	at com.megasena.aposta.utils.ApostaUtils.criarAposta(ApostaUtils.java:198)
	at com.megasena.aposta.utils.ApostaUtils.criarAposta(ApostaUtils.java:198)
	at com.megasena.aposta.utils.ApostaUtils.criarAposta(ApostaUtils.java:198)
	at com.megasena.aposta.utils.ApostaUtils.criarAposta(ApostaUtils.java:198)
	at com.megasena.aposta.utils.ApostaUtils.criarAposta(ApostaUtils.java:198)
	at com.megasena.aposta.utils.ApostaUtils.criarAposta(ApostaUtils.java:198)
	at com.megasena.aposta.utils.ApostaUtils.criarAposta(ApostaUtils.java:198)
	at com.megasena.aposta.utils.ApostaUtils.criarAposta(ApostaUtils.java:198)
	at com.megasena.aposta.utils.ApostaUtils.criarAposta(ApostaUtils.java:198)
	at com.megasena.aposta.utils.ApostaUtils.criarAposta(ApostaUtils.java:198)
	at com.megasena.aposta.utils.ApostaUtils.criarAposta(ApostaUtils.java:198)
	at com.megasena.aposta.utils.ApostaUtils.criarAposta(ApostaUtils.java:198)
	at com.megasena.aposta.utils.ApostaUtils.criarAposta(ApostaUtils.java:198)
	at com.megasena.aposta.utils.ApostaUtils.criarAposta(ApostaUtils.java:198)
	at com.megasena.aposta.utils.ApostaUtils.criarAposta(ApostaUtils.java:198)
	at com.megasena.aposta.utils.ApostaUtils.criarAposta(ApostaUtils.java:198)
	at com.megasena.aposta.utils.ApostaUtils.criarAposta(ApostaUtils.java:198)
	at com.megasena.aposta.utils.ApostaUtils.criarAposta(ApostaUtils.java:198)
	at com.megasena.aposta.utils.ApostaUtils.criarAposta(ApostaUtils.java:198)
	at com.megasena.aposta.utils.ApostaUtils.criarAposta(ApostaUtils.java:198)
	at com.megasena.aposta.utils.ApostaUtils.criarAposta(ApostaUtils.java:198)
	at com.megasena.aposta.utils.ApostaUtils.criarAposta(ApostaUtils.java:198)
	at com.megasena.aposta.utils.ApostaUtils.criarAposta(ApostaUtils.java:198)
	at com.megasena.aposta.utils.ApostaUtils.criarAposta(ApostaUtils.java:198)
	at com.megasena.aposta.utils.ApostaUtils.criarAposta(ApostaUtils.java:198)
	at com.megasena.aposta.utils.ApostaUtils.criarAposta(ApostaUtils.java:198)
	at com.megasena.aposta.utils.ApostaUtils.criarAposta(ApostaUtils.java:198)
	at com.megasena.aposta.utils.ApostaUtils.criarAposta(ApostaUtils.java:198)
	at com.megasena.aposta.utils.ApostaUtils.criarAposta(ApostaUtils.java:198)
	at com.megasena.aposta.utils.ApostaUtils.criarAposta(ApostaUtils.java:198)
	at com.megasena.aposta.utils.ApostaUtils.criarAposta(ApostaUtils.java:198)
	at com.megasena.aposta.utils.ApostaUtils.criarAposta(ApostaUtils.java:198)
	at com.megasena.aposta.utils.ApostaUtils.criarAposta(ApostaUtils.java:198)
	at com.megasena.aposta.utils.ApostaUtils.criarAposta(ApostaUtils.java:198)
	at com.megasena.aposta.utils.ApostaUtils.criarAposta(ApostaUtils.java:198)
	at com.megasena.aposta.utils.ApostaUtils.criarAposta(ApostaUtils.java:198)
	at com.megasena.aposta.utils.ApostaUtils.criarAposta(ApostaUtils.java:198)
	at com.megasena.aposta.utils.ApostaUtils.criarAposta(ApostaUtils.java:198)
	at com.megasena.aposta.utils.ApostaUtils.criarAposta(ApostaUtils.java:198)
	at com.megasena.aposta.utils.ApostaUtils.criarAposta(ApostaUtils.java:198)
	at com.megasena.aposta.utils.ApostaUtils.criarAposta(ApostaUtils.java:198)
	at com.megasena.aposta.utils.ApostaUtils.criarAposta(ApostaUtils.java:198)
	at com.megasena.aposta.utils.ApostaUtils.criarAposta(ApostaUtils.java:198)
	at com.megasena.aposta.utils.ApostaUtils.criarAposta(ApostaUtils.java:198)
	at com.megasena.aposta.utils.ApostaUtils.criarAposta(ApostaUtils.java:198)
	at com.megasena.aposta.utils.ApostaUtils.criarAposta(ApostaUtils.java:198)
	at com.megasena.aposta.utils.ApostaUtils.criarAposta(ApostaUtils.java:198)
	at com.megasena.aposta.utils.ApostaUtils.criarAposta(ApostaUtils.java:198)
	at com.megasena.aposta.utils.ApostaUtils.criarAposta(ApostaUtils.java:198)
	at com.megasena.aposta.utils.ApostaUtils.criarAposta(ApostaUtils.java:198)
	at com.megasena.aposta.utils.ApostaUtils.criarAposta(ApostaUtils.java:198)
	at com.megasena.aposta.utils.ApostaUtils.criarAposta(ApostaUtils.java:198)
	at com.megasena.aposta.utils.ApostaUtils.criarAposta(ApostaUtils.java:198)
	at com.megasena.aposta.utils.ApostaUtils.criarAposta(ApostaUtils.java:198)
	at com.megasena.aposta.utils.ApostaUtils.criarAposta(ApostaUtils.java:198)
	at com.megasena.aposta.utils.ApostaUtils.criarAposta(ApostaUtils.java:198)
	at com.megasena.aposta.utils.ApostaUtils.criarAposta(ApostaUtils.java:198)
	at com.megasena.aposta.utils.ApostaUtils.criarAposta(ApostaUtils.java:198)
	at com.megasena.aposta.utils.ApostaUtils.criarAposta(ApostaUtils.java:198)
	at com.megasena.aposta.utils.ApostaUtils.criarAposta(ApostaUtils.java:198)
	at com.megasena.aposta.utils.ApostaUtils.criarAposta(ApostaUtils.java:198)
	at com.megasena.aposta.utils.ApostaUtils.criarAposta(ApostaUtils.java:198)
	at com.megasena.aposta.utils.ApostaUtils.criarAposta(ApostaUtils.java:198)
	at com.megasena.aposta.utils.ApostaUtils.criarAposta(ApostaUtils.java:198)
	at com.megasena.aposta.utils.ApostaUtils.criarAposta(ApostaUtils.java:198)
	at com.megasena.aposta.utils.ApostaUtils.criarAposta(ApostaUtils.java:198)
	at com.megasena.aposta.utils.ApostaUtils.criarAposta(ApostaUtils.java:198)
	at com.megasena.aposta.utils.ApostaUtils.criarAposta(ApostaUtils.java:198)
	at com.megasena.aposta.utils.ApostaUtils.criarAposta(ApostaUtils.java:198)
	at com.megasena.aposta.utils.ApostaUtils.criarAposta(ApostaUtils.java:198)
	at com.megasena.aposta.utils.ApostaUtils.criarAposta(ApostaUtils.java:198)
	at com.megasena.aposta.utils.ApostaUtils.criarAposta(ApostaUtils.java:198)
	at com.megasena.aposta.utils.ApostaUtils.criarAposta(ApostaUtils.java:198)
	at com.megasena.aposta.utils.ApostaUtils.criarAposta(ApostaUtils.java:198)
	at com.megasena.aposta.utils.ApostaUtils.criarAposta(ApostaUtils.java:198)
	at com.megasena.aposta.utils.ApostaUtils.criarAposta(ApostaUtils.java:198)
	at com.megasena.aposta.utils.ApostaUtils.criarAposta(ApostaUtils.java:198)
	at com.megasena.aposta.utils.ApostaUtils.criarAposta(ApostaUtils.java:198)
	at com.megasena.aposta.utils.ApostaUtils.criarAposta(ApostaUtils.java:198)
	at com.megasena.aposta.utils.ApostaUtils.criarAposta(ApostaUtils.java:198)
	at com.megasena.aposta.utils.ApostaUtils.criarAposta(ApostaUtils.java:198)
	at com.megasena.aposta.utils.ApostaUtils.criarAposta(ApostaUtils.java:198)
	at com.megasena.aposta.utils.ApostaUtils.criarAposta(ApostaUtils.java:198)
	at com.megasena.aposta.utils.ApostaUtils.criarAposta(ApostaUtils.java:198)
	at com.megasena.aposta.utils.ApostaUtils.criarAposta(ApostaUtils.java:198)
	at com.megasena.aposta.utils.ApostaUtils.criarAposta(ApostaUtils.java:198)
	at com.megasena.aposta.utils.ApostaUtils.criarAposta(ApostaUtils.java:198)
	at com.megasena.aposta.utils.ApostaUtils.criarAposta(ApostaUtils.java:198)
	at com.megasena.aposta.utils.ApostaUtils.criarAposta(ApostaUtils.java:198)
	at com.megasena.aposta.utils.ApostaUtils.criarAposta(ApostaUtils.java:198)
	at com.megasena.aposta.utils.ApostaUtils.criarAposta(ApostaUtils.java:198)
	at com.megasena.aposta.utils.ApostaUtils.criarAposta(ApostaUtils.java:198)
	at com.megasena.aposta.utils.ApostaUtils.criarAposta(ApostaUtils.java:198)
	at com.megasena.aposta.utils.ApostaUtils.criarAposta(ApostaUtils.java:198)
	at com.megasena.aposta.utils.ApostaUtils.criarAposta(ApostaUtils.java:198)
	at com.megasena.aposta.utils.ApostaUtils.criarAposta(ApostaUtils.java:198)
	at com.megasena.aposta.utils.ApostaUtils.criarAposta(ApostaUtils.java:198)
	at com.megasena.aposta.utils.ApostaUtils.criarAposta(ApostaUtils.java:198)
	at com.megasena.aposta.utils.ApostaUtils.criarAposta(ApostaUtils.java:198)
	at com.megasena.aposta.utils.ApostaUtils.criarAposta(ApostaUtils.java:198)
	at com.megasena.aposta.utils.ApostaUtils.criarAposta(ApostaUtils.java:198)
	at com.megasena.aposta.utils.ApostaUtils.criarAposta(ApostaUtils.java:198)
	at com.megasena.aposta.utils.ApostaUtils.criarAposta(ApostaUtils.java:198)
	at com.megasena.aposta.utils.ApostaUtils.criarAposta(ApostaUtils.java:198)
	at com.megasena.aposta.utils.ApostaUtils.criarAposta(ApostaUtils.java:198)
	at com.megasena.aposta.utils.ApostaUtils.criarAposta(ApostaUtils.java:198)
	at com.megasena.aposta.utils.ApostaUtils.criarAposta(ApostaUtils.java:198)
	at com.megasena.aposta.utils.ApostaUtils.criarAposta(ApostaUtils.java:198)
	at com.megasena.aposta.utils.ApostaUtils.criarAposta(ApostaUtils.java:198)
	at com.megasena.aposta.utils.ApostaUtils.criarAposta(ApostaUtils.java:198)
	at com.megasena.aposta.utils.ApostaUtils.criarAposta(ApostaUtils.java:198)
	at com.megasena.aposta.utils.ApostaUtils.criarAposta(ApostaUtils.java:198)
	at com.megasena.aposta.utils.ApostaUtils.criarAposta(ApostaUtils.java:198)
	at com.megasena.aposta.utils.ApostaUtils.criarAposta(ApostaUtils.java:198)
	at com.megasena.aposta.utils.ApostaUtils.criarAposta(ApostaUtils.java:198)
	at com.megasena.aposta.utils.ApostaUtils.criarAposta(ApostaUtils.java:198)
	at com.megasena.aposta.utils.ApostaUtils.criarAposta(ApostaUtils.java:198)
	at com.megasena.aposta.utils.ApostaUtils.criarAposta(ApostaUtils.java:198)
	at com.megasena.aposta.utils.ApostaUtils.criarAposta(ApostaUtils.java:198)
	at com.megasena.aposta.utils.ApostaUtils.criarAposta(ApostaUtils.java:198)
	at com.megasena.aposta.utils.ApostaUtils.criarAposta(ApostaUtils.java:198)
	at com.megasena.aposta.utils.ApostaUtils.criarAposta(ApostaUtils.java:198)
	at com.megasena.aposta.utils.ApostaUtils.criarAposta(ApostaUtils.java:198)
	at com.megasena.aposta.utils.ApostaUtils.criarAposta(ApostaUtils.java:198)
	at com.megasena.aposta.utils.ApostaUtils.criarAposta(ApostaUtils.java:198)
	at com.megasena.aposta.utils.ApostaUtils.criarAposta(ApostaUtils.java:198)
	at com.megasena.aposta.utils.ApostaUtils.criarAposta(ApostaUtils.java:198)
	at com.megasena.aposta.utils.ApostaUtils.criarAposta(ApostaUtils.java:198)
	at com.megasena.aposta.utils.ApostaUtils.criarAposta(ApostaUtils.java:198)
	at com.megasena.aposta.utils.ApostaUtils.criarAposta(ApostaUtils.java:198)
	at com.megasena.aposta.utils.ApostaUtils.criarAposta(ApostaUtils.java:198)
	at com.megasena.aposta.utils.ApostaUtils.criarAposta(ApostaUtils.java:198)
	at com.megasena.aposta.utils.ApostaUtils.criarAposta(ApostaUtils.java:198)
	at com.megasena.aposta.utils.ApostaUtils.criarAposta(ApostaUtils.java:198)
	at com.megasena.aposta.utils.ApostaUtils.criarAposta(ApostaUtils.java:198)
	at com.megasena.aposta.utils.ApostaUtils.criarAposta(ApostaUtils.java:198)
	at com.megasena.aposta.utils.ApostaUtils.criarAposta(ApostaUtils.java:198)
	at com.megasena.aposta.utils.ApostaUtils.criarAposta(ApostaUtils.java:198)
	at com.megasena.aposta.utils.ApostaUtils.criarAposta(ApostaUtils.java:198)
	at com.megasena.aposta.utils.ApostaUtils.criarAposta(ApostaUtils.java:198)
	at com.megasena.aposta.utils.ApostaUtils.criarAposta(ApostaUtils.java:198)
	at com.megasena.aposta.utils.ApostaUtils.criarAposta(ApostaUtils.java:198)
	at com.megasena.aposta.utils.ApostaUtils.criarAposta(ApostaUtils.java:198)
	at com.megasena.aposta.utils.ApostaUtils.criarAposta(ApostaUtils.java:198)
	at com.megasena.aposta.utils.ApostaUtils.criarAposta(ApostaUtils.java:198)
	at com.megasena.aposta.utils.ApostaUtils.criarAposta(ApostaUtils.java:198)
	at com.megasena.aposta.utils.ApostaUtils.criarAposta(ApostaUtils.java:198)
	at com.megasena.aposta.utils.ApostaUtils.criarAposta(ApostaUtils.java:198)
	at com.megasena.aposta.utils.ApostaUtils.criarAposta(ApostaUtils.java:198)
	at com.megasena.aposta.utils.ApostaUtils.criarAposta(ApostaUtils.java:198)
	at com.megasena.aposta.utils.ApostaUtils.criarAposta(ApostaUtils.java:198)
	at com.megasena.aposta.utils.ApostaUtils.criarAposta(ApostaUtils.java:198)
	at com.megasena.aposta.utils.ApostaUtils.criarAposta(ApostaUtils.java:198)
	at com.megasena.aposta.utils.ApostaUtils.criarAposta(ApostaUtils.java:198)
	at com.megasena.aposta.utils.ApostaUtils.criarAposta(ApostaUtils.java:198)
	at com.megasena.aposta.utils.ApostaUtils.criarAposta(ApostaUtils.java:198)
	at com.megasena.aposta.utils.ApostaUtils.criarAposta(ApostaUtils.java:198)
	at com.megasena.aposta.utils.ApostaUtils.criarAposta(ApostaUtils.java:198)
	at com.megasena.aposta.utils.ApostaUtils.criarAposta(ApostaUtils.java:198)
	at com.megasena.aposta.utils.ApostaUtils.criarAposta(ApostaUtils.java:198)
	at com.megasena.aposta.utils.ApostaUtils.criarAposta(ApostaUtils.java:198)
	at com.megasena.aposta.utils.ApostaUtils.criarAposta(ApostaUtils.java:198)
	at com.megasena.aposta.utils.ApostaUtils.criarAposta(ApostaUtils.java:198)
	at com.megasena.aposta.utils.ApostaUtils.criarAposta(ApostaUtils.java:198)
	at com.megasena.aposta.utils.ApostaUtils.criarAposta(ApostaUtils.java:198)
	at com.megasena.aposta.utils.ApostaUtils.criarAposta(ApostaUtils.java:198)
	at com.megasena.aposta.utils.ApostaUtils.criarAposta(ApostaUtils.java:198)
	at com.megasena.aposta.utils.ApostaUtils.criarAposta(ApostaUtils.java:198)
	at com.megasena.aposta.utils.ApostaUtils.criarAposta(ApostaUtils.java:198)
	at com.megasena.aposta.utils.ApostaUtils.criarAposta(ApostaUtils.java:198)
	at com.megasena.aposta.utils.ApostaUtils.criarAposta(ApostaUtils.java:198)
	at com.megasena.aposta.utils.ApostaUtils.criarAposta(ApostaUtils.java:198)
	at com.megasena.aposta.utils.ApostaUtils.criarAposta(ApostaUtils.java:198)
	at com.megasena.aposta.utils.ApostaUtils.criarAposta(ApostaUtils.java:198)
	at com.megasena.aposta.utils.ApostaUtils.criarAposta(ApostaUtils.java:198)
	at com.megasena.aposta.utils.ApostaUtils.criarAposta(ApostaUtils.java:198)
	at com.megasena.aposta.utils.ApostaUtils.criarAposta(ApostaUtils.java:198)
	at com.megasena.aposta.utils.ApostaUtils.criarAposta(ApostaUtils.java:198)
	at com.megasena.aposta.utils.ApostaUtils.criarAposta(ApostaUtils.java:198)
	at com.megasena.aposta.utils.ApostaUtils.criarAposta(ApostaUtils.java:198)
	at com.megasena.aposta.utils.ApostaUtils.criarAposta(ApostaUtils.java:198)
	at com.megasena.aposta.utils.ApostaUtils.criarAposta(ApostaUtils.java:198)
	at com.megasena.aposta.utils.ApostaUtils.criarAposta(ApostaUtils.java:198)
	at com.megasena.aposta.utils.ApostaUtils.criarAposta(ApostaUtils.java:198)
	at com.megasena.aposta.utils.ApostaUtils.criarAposta(ApostaUtils.java:198)
	at com.megasena.aposta.utils.ApostaUtils.criarAposta(ApostaUtils.java:198)
	at com.megasena.aposta.utils.ApostaUtils.criarAposta(ApostaUtils.java:198)
	at com.megasena.aposta.utils.ApostaUtils.criarAposta(ApostaUtils.java:198)
	at com.megasena.aposta.utils.ApostaUtils.criarAposta(ApostaUtils.java:198)
	at com.megasena.aposta.utils.ApostaUtils.criarAposta(ApostaUtils.java:198)
	at com.megasena.aposta.utils.ApostaUtils.criarAposta(ApostaUtils.java:198)
	at com.megasena.aposta.utils.ApostaUtils.criarAposta(ApostaUtils.java:198)
	at com.megasena.aposta.utils.ApostaUtils.criarAposta(ApostaUtils.java:198)
	at com.megasena.aposta.utils.ApostaUtils.criarAposta(ApostaUtils.java:198)
	at com.megasena.aposta.utils.ApostaUtils.criarAposta(ApostaUtils.java:198)
	at com.megasena.aposta.utils.ApostaUtils.criarAposta(ApostaUtils.java:198)
	at com.megasena.aposta.utils.ApostaUtils.criarAposta(ApostaUtils.java:198)
	at com.megasena.aposta.utils.ApostaUtils.criarAposta(ApostaUtils.java:198)
	at com.megasena.aposta.utils.ApostaUtils.criarAposta(ApostaUtils.java:198)
	at com.megasena.aposta.utils.ApostaUtils.criarAposta(ApostaUtils.java:198)
	at com.megasena.aposta.utils.ApostaUtils.criarAposta(ApostaUtils.java:198)
	at com.megasena.aposta.utils.ApostaUtils.criarAposta(ApostaUtils.java:198)
	at com.megasena.aposta.utils.ApostaUtils.criarAposta(ApostaUtils.java:198)
	at com.megasena.aposta.utils.ApostaUtils.criarAposta(ApostaUtils.java:198)
	at com.megasena.aposta.utils.ApostaUtils.criarAposta(ApostaUtils.java:198)
	at com.megasena.aposta.utils.ApostaUtils.criarAposta(ApostaUtils.java:198)
	at com.megasena.aposta.utils.ApostaUtils.criarAposta(ApostaUtils.java:198)
	at com.megasena.aposta.utils.ApostaUtils.criarAposta(ApostaUtils.java:198)
	at com.megasena.aposta.utils.ApostaUtils.criarAposta(ApostaUtils.java:198)
	at com.megasena.aposta.utils.ApostaUtils.criarAposta(ApostaUtils.java:198)
	at com.megasena.aposta.utils.ApostaUtils.criarAposta(ApostaUtils.java:198)
	at com.megasena.aposta.utils.ApostaUtils.criarAposta(ApostaUtils.java:198)
	at com.megasena.aposta.utils.ApostaUtils.criarAposta(ApostaUtils.java:198)
	at com.megasena.aposta.utils.ApostaUtils.criarAposta(ApostaUtils.java:198)
	at com.megasena.aposta.utils.ApostaUtils.criarAposta(ApostaUtils.java:198)
	at com.megasena.aposta.utils.ApostaUtils.criarAposta(ApostaUtils.java:198)
	at com.megasena.aposta.utils.ApostaUtils.criarAposta(ApostaUtils.java:198)
	at com.megasena.aposta.utils.ApostaUtils.criarAposta(ApostaUtils.java:198)
	at com.megasena.aposta.utils.ApostaUtils.criarAposta(ApostaUtils.java:198)
	at com.megasena.aposta.utils.ApostaUtils.criarAposta(ApostaUtils.java:198)
	at com.megasena.aposta.utils.ApostaUtils.criarAposta(ApostaUtils.java:198)
	at com.megasena.aposta.utils.ApostaUtils.criarAposta(ApostaUtils.java:198)
	at com.megasena.aposta.utils.ApostaUtils.criarAposta(ApostaUtils.java:198)
	at com.megasena.aposta.utils.ApostaUtils.criarAposta(ApostaUtils.java:198)
	at com.megasena.aposta.utils.ApostaUtils.criarAposta(ApostaUtils.java:198)
	at com.megasena.aposta.utils.ApostaUtils.criarAposta(ApostaUtils.java:198)
	at com.megasena.aposta.utils.ApostaUtils.criarAposta(ApostaUtils.java:198)
	at com.megasena.aposta.utils.ApostaUtils.criarAposta(ApostaUtils.java:198)
	at com.megasena.aposta.utils.ApostaUtils.criarAposta(ApostaUtils.java:198)
	at com.megasena.aposta.utils.ApostaUtils.criarAposta(ApostaUtils.java:198)
	at com.megasena.aposta.utils.ApostaUtils.criarAposta(ApostaUtils.java:198)
	at com.megasena.aposta.utils.ApostaUtils.criarAposta(ApostaUtils.java:198)
	at com.megasena.aposta.utils.ApostaUtils.criarAposta(ApostaUtils.java:198)
	at com.megasena.aposta.utils.ApostaUtils.criarAposta(ApostaUtils.java:198)
	at com.megasena.aposta.utils.ApostaUtils.criarAposta(ApostaUtils.java:198)
	at com.megasena.aposta.utils.ApostaUtils.criarAposta(ApostaUtils.java:198)
	at com.megasena.aposta.utils.ApostaUtils.criarAposta(ApostaUtils.java:198)
	at com.megasena.aposta.utils.ApostaUtils.criarAposta(ApostaUtils.java:198)
	at com.megasena.aposta.utils.ApostaUtils.criarAposta(ApostaUtils.java:198)
	at com.megasena.aposta.utils.ApostaUtils.criarAposta(ApostaUtils.java:198)
	at com.megasena.aposta.utils.ApostaUtils.criarAposta(ApostaUtils.java:198)
	at com.megasena.aposta.utils.ApostaUtils.criarAposta(ApostaUtils.java:198)
	at com.megasena.aposta.utils.ApostaUtils.criarAposta(ApostaUtils.java:198)
	at com.megasena.aposta.utils.ApostaUtils.criarAposta(ApostaUtils.java:198)
	at com.megasena.aposta.utils.ApostaUtils.criarAposta(ApostaUtils.java:198)
	at com.megasena.aposta.utils.ApostaUtils.criarAposta(ApostaUtils.java:198)
	at com.megasena.aposta.utils.ApostaUtils.criarAposta(ApostaUtils.java:198)
	at com.megasena.aposta.utils.ApostaUtils.criarAposta(ApostaUtils.java:198)
	at com.megasena.aposta.utils.ApostaUtils.criarAposta(ApostaUtils.java:198)
	at com.megasena.aposta.utils.ApostaUtils.criarAposta(ApostaUtils.java:198)
	at com.megasena.aposta.utils.ApostaUtils.criarAposta(ApostaUtils.java:198)
	at com.megasena.aposta.utils.ApostaUtils.criarAposta(ApostaUtils.java:198)
	at com.megasena.aposta.utils.ApostaUtils.criarAposta(ApostaUtils.java:198)
	at com.megasena.aposta.utils.ApostaUtils.criarAposta(ApostaUtils.java:198)
	at com.megasena.aposta.utils.ApostaUtils.criarAposta(ApostaUtils.java:198)
	at com.megasena.aposta.utils.ApostaUtils.criarAposta(ApostaUtils.java:198)
	at com.megasena.aposta.utils.ApostaUtils.criarAposta(ApostaUtils.java:198)
	at com.megasena.aposta.utils.ApostaUtils.criarAposta(ApostaUtils.java:198)
	at com.megasena.aposta.utils.ApostaUtils.criarAposta(ApostaUtils.java:198)
	at com.megasena.aposta.utils.ApostaUtils.criarAposta(ApostaUtils.java:198)
	at com.megasena.aposta.utils.ApostaUtils.criarAposta(ApostaUtils.java:198)
	at com.megasena.aposta.utils.ApostaUtils.criarAposta(ApostaUtils.java:198)
	at com.megasena.aposta.utils.ApostaUtils.criarAposta(ApostaUtils.java:198)
	at com.megasena.aposta.utils.ApostaUtils.criarAposta(ApostaUtils.java:198)
	at com.megasena.aposta.utils.ApostaUtils.criarAposta(ApostaUtils.java:198)
	at com.megasena.aposta.utils.ApostaUtils.criarAposta(ApostaUtils.java:198)
	at com.megasena.aposta.utils.ApostaUtils.criarAposta(ApostaUtils.java:198)
	at com.megasena.aposta.utils.ApostaUtils.criarAposta(ApostaUtils.java:198)
	at com.megasena.aposta.utils.ApostaUtils.criarAposta(ApostaUtils.java:198)
	at com.megasena.aposta.utils.ApostaUtils.criarAposta(ApostaUtils.java:198)
	at com.megasena.aposta.utils.ApostaUtils.criarAposta(ApostaUtils.java:198)
	at com.megasena.aposta.utils.ApostaUtils.criarAposta(ApostaUtils.java:198)
	at com.megasena.aposta.utils.ApostaUtils.criarAposta(ApostaUtils.java:198)
	at com.megasena.aposta.utils.ApostaUtils.criarAposta(ApostaUtils.java:198)
	at com.megasena.aposta.utils.ApostaUtils.criarAposta(ApostaUtils.java:198)
	at com.megasena.aposta.utils.ApostaUtils.criarAposta(ApostaUtils.java:198)
	at com.megasena.aposta.utils.ApostaUtils.criarAposta(ApostaUtils.java:198)
	at com.megasena.aposta.utils.ApostaUtils.criarAposta(ApostaUtils.java:198)
	at com.megasena.aposta.utils.ApostaUtils.criarAposta(ApostaUtils.java:198)
	at com.megasena.aposta.utils.ApostaUtils.criarAposta(ApostaUtils.java:198)
	at com.megasena.aposta.utils.ApostaUtils.criarAposta(ApostaUtils.java:198)
	at com.megasena.aposta.utils.ApostaUtils.criarAposta(ApostaUtils.java:198)
	at com.megasena.aposta.utils.ApostaUtils.criarAposta(ApostaUtils.java:198)
	at com.megasena.aposta.utils.ApostaUtils.criarAposta(ApostaUtils.java:198)
	at com.megasena.aposta.utils.ApostaUtils.criarAposta(ApostaUtils.java:198)
	at com.megasena.aposta.utils.ApostaUtils.criarAposta(ApostaUtils.java:198)
	at com.megasena.aposta.utils.ApostaUtils.criarAposta(ApostaUtils.java:198)
	at com.megasena.aposta.utils.ApostaUtils.criarAposta(ApostaUtils.java:198)
	at com.megasena.aposta.utils.ApostaUtils.criarAposta(ApostaUtils.java:198)
	at com.megasena.aposta.utils.ApostaUtils.criarAposta(ApostaUtils.java:198)
	at com.megasena.aposta.utils.ApostaUtils.criarAposta(ApostaUtils.java:198)
	at com.megasena.aposta.utils.ApostaUtils.criarAposta(ApostaUtils.java:198)
	at com.megasena.aposta.utils.ApostaUtils.criarAposta(ApostaUtils.java:198)
	at com.megasena.aposta.utils.ApostaUtils.criarAposta(ApostaUtils.java:198)
	at com.megasena.aposta.utils.ApostaUtils.criarAposta(ApostaUtils.java:198)
	at com.megasena.aposta.utils.ApostaUtils.criarAposta(ApostaUtils.java:198)
	at com.megasena.aposta.utils.ApostaUtils.criarAposta(ApostaUtils.java:198)
	at com.megasena.aposta.utils.ApostaUtils.criarAposta(ApostaUtils.java:198)
	at com.megasena.aposta.utils.ApostaUtils.criarAposta(ApostaUtils.java:198)
	at com.megasena.aposta.utils.ApostaUtils.criarAposta(ApostaUtils.java:198)
	at com.megasena.aposta.utils.ApostaUtils.criarAposta(ApostaUtils.java:198)
	at com.megasena.aposta.utils.ApostaUtils.criarAposta(ApostaUtils.java:198)
	at com.megasena.aposta.utils.ApostaUtils.criarAposta(ApostaUtils.java:198)
	at com.megasena.aposta.utils.ApostaUtils.criarAposta(ApostaUtils.java:198)
	at com.megasena.aposta.utils.ApostaUtils.criarAposta(ApostaUtils.java:198)
	at com.megasena.aposta.utils.ApostaUtils.criarAposta(ApostaUtils.java:198)
	at com.megasena.aposta.utils.ApostaUtils.criarAposta(ApostaUtils.java:198)
	at com.megasena.aposta.utils.ApostaUtils.criarAposta(ApostaUtils.java:198)
	at com.megasena.aposta.utils.ApostaUtils.criarAposta(ApostaUtils.java:198)
	at com.megasena.aposta.utils.ApostaUtils.criarAposta(ApostaUtils.java:198)
	at com.megasena.aposta.utils.ApostaUtils.criarAposta(ApostaUtils.java:198)
	at com.megasena.aposta.utils.ApostaUtils.criarAposta(ApostaUtils.java:198)
	at com.megasena.aposta.utils.ApostaUtils.criarAposta(ApostaUtils.java:198)
	at com.megasena.aposta.utils.ApostaUtils.criarAposta(ApostaUtils.java:198)
	at com.megasena.aposta.utils.ApostaUtils.criarAposta(ApostaUtils.java:198)
	at com.megasena.aposta.utils.ApostaUtils.criarAposta(ApostaUtils.java:198)
	at com.megasena.aposta.utils.ApostaUtils.criarAposta(ApostaUtils.java:198)
	at com.megasena.aposta.utils.ApostaUtils.criarAposta(ApostaUtils.java:198)
	at com.megasena.aposta.utils.ApostaUtils.criarAposta(ApostaUtils.java:198)
	at com.megasena.aposta.utils.ApostaUtils.criarAposta(ApostaUtils.java:198)
	at com.megasena.aposta.utils.ApostaUtils.criarAposta(ApostaUtils.java:198)
	at com.megasena.aposta.utils.ApostaUtils.criarAposta(ApostaUtils.java:198)
	at com.megasena.aposta.utils.ApostaUtils.criarAposta(ApostaUtils.java:198)
	at com.megasena.aposta.utils.ApostaUtils.criarAposta(ApostaUtils.java:198)
	at com.megasena.aposta.utils.ApostaUtils.criarAposta(ApostaUtils.java:198)
	at com.megasena.aposta.utils.ApostaUtils.criarAposta(ApostaUtils.java:198)
	at com.megasena.aposta.utils.ApostaUtils.criarAposta(ApostaUtils.java:198)
	at com.megasena.aposta.utils.ApostaUtils.criarAposta(ApostaUtils.java:198)
	at com.megasena.aposta.utils.ApostaUtils.criarAposta(ApostaUtils.java:198)
	at com.megasena.aposta.utils.ApostaUtils.criarAposta(ApostaUtils.java:198)
	at com.megasena.aposta.utils.ApostaUtils.criarAposta(ApostaUtils.java:198)
	at com.megasena.aposta.utils.ApostaUtils.criarAposta(ApostaUtils.java:198)
	at com.megasena.aposta.utils.ApostaUtils.criarAposta(ApostaUtils.java:198)
	at com.megasena.aposta.utils.ApostaUtils.criarAposta(ApostaUtils.java:198)
	at com.megasena.aposta.utils.ApostaUtils.criarAposta(ApostaUtils.java:198)
	at com.megasena.aposta.utils.ApostaUtils.criarAposta(ApostaUtils.java:198)
	at com.megasena.aposta.utils.ApostaUtils.criarAposta(ApostaUtils.java:198)
	at com.megasena.aposta.utils.ApostaUtils.criarAposta(ApostaUtils.java:198)
	at com.megasena.aposta.utils.ApostaUtils.criarAposta(ApostaUtils.java:198)
	at com.megasena.aposta.utils.ApostaUtils.criarAposta(ApostaUtils.java:198)
	at com.megasena.aposta.utils.ApostaUtils.criarAposta(ApostaUtils.java:198)
	at com.megasena.aposta.utils.ApostaUtils.criarAposta(ApostaUtils.java:198)
	at com.megasena.aposta.utils.ApostaUtils.criarAposta(ApostaUtils.java:198)
	at com.megasena.aposta.utils.ApostaUtils.criarAposta(ApostaUtils.java:198)
	at com.megasena.aposta.utils.ApostaUtils.criarAposta(ApostaUtils.java:198)
	at com.megasena.aposta.utils.ApostaUtils.criarAposta(ApostaUtils.java:198)
	at com.megasena.aposta.utils.ApostaUtils.criarAposta(ApostaUtils.java:198)
	at com.megasena.aposta.utils.ApostaUtils.criarAposta(ApostaUtils.java:198)
	at com.megasena.aposta.utils.ApostaUtils.criarAposta(ApostaUtils.java:198)
	at com.megasena.aposta.utils.ApostaUtils.criarAposta(ApostaUtils.java:198)
	at com.megasena.aposta.utils.ApostaUtils.criarAposta(ApostaUtils.java:198)
	at com.megasena.aposta.utils.ApostaUtils.criarAposta(ApostaUtils.java:198)
	at com.megasena.aposta.utils.ApostaUtils.criarAposta(ApostaUtils.java:198)
	at com.megasena.aposta.utils.ApostaUtils.criarAposta(ApostaUtils.java:198)
	at com.megasena.aposta.utils.ApostaUtils.criarAposta(ApostaUtils.java:198)
	at com.megasena.aposta.utils.ApostaUtils.criarAposta(ApostaUtils.java:198)
	at com.megasena.aposta.utils.ApostaUtils.criarAposta(ApostaUtils.java:198)
	at com.megasena.aposta.utils.ApostaUtils.criarAposta(ApostaUtils.java:198)
	at com.megasena.aposta.utils.ApostaUtils.criarAposta(ApostaUtils.java:198)
	at com.megasena.aposta.utils.ApostaUtils.criarAposta(ApostaUtils.java:198)
	at com.megasena.aposta.utils.ApostaUtils.criarAposta(ApostaUtils.java:198)
	at com.megasena.aposta.utils.ApostaUtils.criarAposta(ApostaUtils.java:198)
	at com.megasena.aposta.utils.ApostaUtils.criarAposta(ApostaUtils.java:198)
	at com.megasena.aposta.utils.ApostaUtils.criarAposta(ApostaUtils.java:198)
	at com.megasena.aposta.utils.ApostaUtils.criarAposta(ApostaUtils.java:198)
	at com.megasena.aposta.utils.ApostaUtils.criarAposta(ApostaUtils.java:198)
	at com.megasena.aposta.utils.ApostaUtils.criarAposta(ApostaUtils.java:198)
	at com.megasena.aposta.utils.ApostaUtils.criarAposta(ApostaUtils.java:198)
	at com.megasena.aposta.utils.ApostaUtils.criarAposta(ApostaUtils.java:198)
	at com.megasena.aposta.utils.ApostaUtils.criarAposta(ApostaUtils.java:198)
	at com.megasena.aposta.utils.ApostaUtils.criarAposta(ApostaUtils.java:198)
	at com.megasena.aposta.utils.ApostaUtils.criarAposta(ApostaUtils.java:198)
	at com.megasena.aposta.utils.ApostaUtils.criarAposta(ApostaUtils.java:198)
	at com.megasena.aposta.utils.ApostaUtils.criarAposta(ApostaUtils.java:198)
	at com.megasena.aposta.utils.ApostaUtils.criarAposta(ApostaUtils.java:198)
	at com.megasena.aposta.utils.ApostaUtils.criarAposta(ApostaUtils.java:198)
	at com.megasena.aposta.utils.ApostaUtils.criarAposta(ApostaUtils.java:198)
	at com.megasena.aposta.utils.ApostaUtils.criarAposta(ApostaUtils.java:198)
	at com.megasena.aposta.utils.ApostaUtils.criarAposta(ApostaUtils.java:198)
	at com.megasena.aposta.utils.ApostaUtils.criarAposta(ApostaUtils.java:198)
	at com.megasena.aposta.utils.ApostaUtils.criarAposta(ApostaUtils.java:198)
	at com.megasena.aposta.utils.ApostaUtils.criarAposta(ApostaUtils.java:198)
	at com.megasena.aposta.utils.ApostaUtils.criarAposta(ApostaUtils.java:198)
	at com.megasena.aposta.utils.ApostaUtils.criarAposta(ApostaUtils.java:198)
	at com.megasena.aposta.utils.ApostaUtils.criarAposta(ApostaUtils.java:198)
	at com.megasena.aposta.utils.ApostaUtils.criarAposta(ApostaUtils.java:198)
	at com.megasena.aposta.utils.ApostaUtils.criarAposta(ApostaUtils.java:198)
	at com.megasena.aposta.utils.ApostaUtils.criarAposta(ApostaUtils.java:198)
	at com.megasena.aposta.utils.ApostaUtils.criarAposta(ApostaUtils.java:198)
	at com.megasena.aposta.utils.ApostaUtils.criarAposta(ApostaUtils.java:198)
	at com.megasena.aposta.utils.ApostaUtils.criarAposta(ApostaUtils.java:198)
	at com.megasena.aposta.utils.ApostaUtils.criarAposta(ApostaUtils.java:198)
	at com.megasena.aposta.utils.ApostaUtils.criarAposta(ApostaUtils.java:198)
	at com.megasena.aposta.utils.ApostaUtils.criarAposta(ApostaUtils.java:198)
	at com.megasena.aposta.utils.ApostaUtils.criarAposta(ApostaUtils.java:198)
	at com.megasena.aposta.utils.ApostaUtils.criarAposta(ApostaUtils.java:198)
	at com.megasena.aposta.utils.ApostaUtils.criarAposta(ApostaUtils.java:198)
	at com.megasena.aposta.utils.ApostaUtils.criarAposta(ApostaUtils.java:198)
	at com.megasena.aposta.utils.ApostaUtils.criarAposta(ApostaUtils.java:198)
	at com.megasena.aposta.utils.ApostaUtils.criarAposta(ApostaUtils.java:198)
	at com.megasena.aposta.utils.ApostaUtils.criarAposta(ApostaUtils.java:198)
	at com.megasena.aposta.utils.ApostaUtils.criarAposta(ApostaUtils.java:198)
	at com.megasena.aposta.utils.ApostaUtils.criarAposta(ApostaUtils.java:198)
	at com.megasena.aposta.utils.ApostaUtils.criarAposta(ApostaUtils.java:198)
	at com.megasena.aposta.utils.ApostaUtils.criarAposta(ApostaUtils.java:198)
	at com.megasena.aposta.utils.ApostaUtils.criarAposta(ApostaUtils.java:198)
	at com.megasena.aposta.utils.ApostaUtils.criarAposta(ApostaUtils.java:198)
	at com.megasena.aposta.utils.ApostaUtils.criarAposta(ApostaUtils.java:198)
	at com.megasena.aposta.utils.ApostaUtils.criarAposta(ApostaUtils.java:198)
	at com.megasena.aposta.utils.ApostaUtils.criarAposta(ApostaUtils.java:198)
	at com.megasena.aposta.utils.ApostaUtils.criarAposta(ApostaUtils.java:198)
	at com.megasena.aposta.utils.ApostaUtils.criarAposta(ApostaUtils.java:198)
	at com.megasena.aposta.utils.ApostaUtils.criarAposta(ApostaUtils.java:198)
	at com.megasena.aposta.utils.ApostaUtils.criarAposta(ApostaUtils.java:198)
	at com.megasena.aposta.utils.ApostaUtils.criarAposta(ApostaUtils.java:198)
	at com.megasena.aposta.utils.ApostaUtils.criarAposta(ApostaUtils.java:198)
	at com.megasena.aposta.utils.ApostaUtils.criarAposta(ApostaUtils.java:198)
	at com.megasena.aposta.utils.ApostaUtils.criarAposta(ApostaUtils.java:198)
	at com.megasena.aposta.utils.ApostaUtils.criarAposta(ApostaUtils.java:198)
	at com.megasena.aposta.utils.ApostaUtils.criarAposta(ApostaUtils.java:198)
	at com.megasena.aposta.utils.ApostaUtils.criarAposta(ApostaUtils.java:198)
	at com.megasena.aposta.utils.ApostaUtils.criarAposta(ApostaUtils.java:198)
	at com.megasena.aposta.utils.ApostaUtils.criarAposta(ApostaUtils.java:198)
	at com.megasena.aposta.utils.ApostaUtils.criarAposta(ApostaUtils.java:198)
	at com.megasena.aposta.utils.ApostaUtils.criarAposta(ApostaUtils.java:198)
	at com.megasena.aposta.utils.ApostaUtils.criarAposta(ApostaUtils.java:198)
	at com.megasena.aposta.utils.ApostaUtils.criarAposta(ApostaUtils.java:198)
	at com.megasena.aposta.utils.ApostaUtils.criarAposta(ApostaUtils.java:198)
	at com.megasena.aposta.utils.ApostaUtils.criarAposta(ApostaUtils.java:198)
	at com.megasena.aposta.utils.ApostaUtils.criarAposta(ApostaUtils.java:198)
	at com.megasena.aposta.utils.ApostaUtils.criarAposta(ApostaUtils.java:198)
	at com.megasena.aposta.utils.ApostaUtils.criarAposta(ApostaUtils.java:198)
	at com.megasena.aposta.utils.ApostaUtils.criarAposta(ApostaUtils.java:198)
	at com.megasena.aposta.utils.ApostaUtils.criarAposta(ApostaUtils.java:198)
	at com.megasena.aposta.utils.ApostaUtils.criarAposta(ApostaUtils.java:198)
	at com.megasena.aposta.utils.ApostaUtils.criarAposta(ApostaUtils.java:198)
	at com.megasena.aposta.utils.ApostaUtils.criarAposta(ApostaUtils.java:198)
	at com.megasena.aposta.utils.ApostaUtils.criarAposta(ApostaUtils.java:198)
	at com.megasena.aposta.utils.ApostaUtils.criarAposta(ApostaUtils.java:198)
	at com.megasena.aposta.utils.ApostaUtils.criarAposta(ApostaUtils.java:198)
	at com.megasena.aposta.utils.ApostaUtils.criarAposta(ApostaUtils.java:198)
	at com.megasena.aposta.utils.ApostaUtils.criarAposta(ApostaUtils.java:198)
	at com.megasena.aposta.utils.ApostaUtils.criarAposta(ApostaUtils.java:198)
	at com.megasena.aposta.utils.ApostaUtils.criarAposta(ApostaUtils.java:198)
	at com.megasena.aposta.utils.ApostaUtils.criarAposta(ApostaUtils.java:198)
	at com.megasena.aposta.utils.ApostaUtils.criarAposta(ApostaUtils.java:198)
	at com.megasena.aposta.utils.ApostaUtils.criarAposta(ApostaUtils.java:198)
	at com.megasena.aposta.utils.ApostaUtils.criarAposta(ApostaUtils.java:198)
	at com.megasena.aposta.utils.ApostaUtils.criarAposta(ApostaUtils.java:198)
	at com.megasena.aposta.utils.ApostaUtils.criarAposta(ApostaUtils.java:198)
	at com.megasena.aposta.utils.ApostaUtils.criarAposta(ApostaUtils.java:198)
	at com.megasena.aposta.utils.ApostaUtils.criarAposta(ApostaUtils.java:198)
	at com.megasena.aposta.utils.ApostaUtils.criarAposta(ApostaUtils.java:198)
	at com.megasena.aposta.utils.ApostaUtils.criarAposta(ApostaUtils.java:198)
	at com.megasena.aposta.utils.ApostaUtils.criarAposta(ApostaUtils.java:198)
	at com.megasena.aposta.utils.ApostaUtils.criarAposta(ApostaUtils.java:198)
	at com.megasena.aposta.utils.ApostaUtils.criarAposta(ApostaUtils.java:198)
	at com.megasena.aposta.utils.ApostaUtils.criarAposta(ApostaUtils.java:198)
	at com.megasena.aposta.utils.ApostaUtils.criarAposta(ApostaUtils.java:198)
	at com.megasena.aposta.utils.ApostaUtils.criarAposta(ApostaUtils.java:198)
	at com.megasena.aposta.utils.ApostaUtils.criarAposta(ApostaUtils.java:198)
	at com.megasena.aposta.utils.ApostaUtils.criarAposta(ApostaUtils.java:198)
	at com.megasena.aposta.utils.ApostaUtils.criarAposta(ApostaUtils.java:198)
	at com.megasena.aposta.utils.ApostaUtils.criarAposta(ApostaUtils.java:198)
	at com.megasena.aposta.utils.ApostaUtils.criarAposta(ApostaUtils.java:198)
	at com.megasena.aposta.utils.ApostaUtils.criarAposta(ApostaUtils.java:198)
	at com.megasena.aposta.utils.ApostaUtils.criarAposta(ApostaUtils.java:198)
	at com.megasena.aposta.utils.ApostaUtils.criarAposta(ApostaUtils.java:198)
	at com.megasena.aposta.utils.ApostaUtils.criarAposta(ApostaUtils.java:198)
	at com.megasena.aposta.utils.ApostaUtils.criarAposta(ApostaUtils.java:198)
	at com.megasena.aposta.utils.ApostaUtils.criarAposta(ApostaUtils.java:198)
	at com.megasena.aposta.utils.ApostaUtils.criarAposta(ApostaUtils.java:198)
	at com.megasena.aposta.utils.ApostaUtils.criarAposta(ApostaUtils.java:198)
	at com.megasena.aposta.utils.ApostaUtils.criarAposta(ApostaUtils.java:198)
	at com.megasena.aposta.utils.ApostaUtils.criarAposta(ApostaUtils.java:198)
	at com.megasena.aposta.utils.ApostaUtils.criarAposta(ApostaUtils.java:198)
	at com.megasena.aposta.utils.ApostaUtils.criarAposta(ApostaUtils.java:198)
	at com.megasena.aposta.utils.ApostaUtils.criarAposta(ApostaUtils.java:198)
	at com.megasena.aposta.utils.ApostaUtils.criarAposta(ApostaUtils.java:198)
	at com.megasena.aposta.utils.ApostaUtils.criarAposta(ApostaUtils.java:198)
	at com.megasena.aposta.utils.ApostaUtils.criarAposta(ApostaUtils.java:198)
	at com.megasena.aposta.utils.ApostaUtils.criarAposta(ApostaUtils.java:198)
	at com.megasena.aposta.utils.ApostaUtils.criarAposta(ApostaUtils.java:198)
	at com.megasena.aposta.utils.ApostaUtils.criarAposta(ApostaUtils.java:198)
	at com.megasena.aposta.utils.ApostaUtils.criarAposta(ApostaUtils.java:198)
	at com.megasena.aposta.utils.ApostaUtils.criarAposta(ApostaUtils.java:198)
	at com.megasena.aposta.utils.ApostaUtils.criarAposta(ApostaUtils.java:198)
	at com.megasena.aposta.utils.ApostaUtils.criarAposta(ApostaUtils.java:198)
	at com.megasena.aposta.utils.ApostaUtils.criarAposta(ApostaUtils.java:198)
	at com.megasena.aposta.utils.ApostaUtils.criarAposta(ApostaUtils.java:198)
	at com.megasena.aposta.utils.ApostaUtils.criarAposta(ApostaUtils.java:198)
	at com.megasena.aposta.utils.ApostaUtils.criarAposta(ApostaUtils.java:198)
	at com.megasena.aposta.utils.ApostaUtils.criarAposta(ApostaUtils.java:198)
	at com.megasena.aposta.utils.ApostaUtils.criarAposta(ApostaUtils.java:198)
	at com.megasena.aposta.utils.ApostaUtils.criarAposta(ApostaUtils.java:198)
	at com.megasena.aposta.utils.ApostaUtils.criarAposta(ApostaUtils.java:198)
	at com.megasena.aposta.utils.ApostaUtils.criarAposta(ApostaUtils.java:198)
	at com.megasena.aposta.utils.ApostaUtils.criarAposta(ApostaUtils.java:198)
	at com.megasena.aposta.utils.ApostaUtils.criarAposta(ApostaUtils.java:198)
	at com.megasena.aposta.utils.ApostaUtils.criarAposta(ApostaUtils.java:198)
	at com.megasena.aposta.utils.ApostaUtils.criarAposta(ApostaUtils.java:198)
	at com.megasena.aposta.utils.ApostaUtils.criarAposta(ApostaUtils.java:198)
	at com.megasena.aposta.utils.ApostaUtils.criarAposta(ApostaUtils.java:198)
	at com.megasena.aposta.utils.ApostaUtils.criarAposta(ApostaUtils.java:198)
	at com.megasena.aposta.utils.ApostaUtils.criarAposta(ApostaUtils.java:198)
	at com.megasena.aposta.utils.ApostaUtils.criarAposta(ApostaUtils.java:198)
	at com.megasena.aposta.utils.ApostaUtils.criarAposta(ApostaUtils.java:198)
	at com.megasena.aposta.utils.ApostaUtils.criarAposta(ApostaUtils.java:198)
	at com.megasena.aposta.utils.ApostaUtils.criarAposta(ApostaUtils.java:198)
	at com.megasena.aposta.utils.ApostaUtils.criarAposta(ApostaUtils.java:198)
	at com.megasena.aposta.utils.ApostaUtils.criarAposta(ApostaUtils.java:198)
	at com.megasena.aposta.utils.ApostaUtils.criarAposta(ApostaUtils.java:198)
	at com.megasena.aposta.utils.ApostaUtils.criarAposta(ApostaUtils.java:198)
	at com.megasena.aposta.utils.ApostaUtils.criarAposta(ApostaUtils.java:198)
	at com.megasena.aposta.utils.ApostaUtils.criarAposta(ApostaUtils.java:198)
	at com.megasena.aposta.utils.ApostaUtils.criarAposta(ApostaUtils.java:198)
	at com.megasena.aposta.utils.ApostaUtils.criarAposta(ApostaUtils.java:198)
	at com.megasena.aposta.utils.ApostaUtils.criarAposta(ApostaUtils.java:198)
	at com.megasena.aposta.utils.ApostaUtils.criarAposta(ApostaUtils.java:198)
	at com.megasena.aposta.utils.ApostaUtils.criarAposta(ApostaUtils.java:198)
	at com.megasena.aposta.utils.ApostaUtils.criarAposta(ApostaUtils.java:198)
	at com.megasena.aposta.utils.ApostaUtils.criarAposta(ApostaUtils.java:198)
	at com.megasena.aposta.utils.ApostaUtils.criarAposta(ApostaUtils.java:198)
	at com.megasena.aposta.utils.ApostaUtils.criarAposta(ApostaUtils.java:198)
	at com.megasena.aposta.utils.ApostaUtils.criarAposta(ApostaUtils.java:198)
	at com.megasena.aposta.utils.ApostaUtils.criarAposta(ApostaUtils.java:198)
	at com.megasena.aposta.utils.ApostaUtils.criarAposta(ApostaUtils.java:198)
	at com.megasena.aposta.utils.ApostaUtils.criarAposta(ApostaUtils.java:198)
	at com.megasena.aposta.utils.ApostaUtils.criarAposta(ApostaUtils.java:198)
	at com.megasena.aposta.utils.ApostaUtils.criarAposta(ApostaUtils.java:198)
	at com.megasena.aposta.utils.ApostaUtils.criarAposta(ApostaUtils.java:198)
	at com.megasena.aposta.utils.ApostaUtils.criarAposta(ApostaUtils.java:198)
	at com.megasena.aposta.utils.ApostaUtils.criarAposta(ApostaUtils.java:198)
	at com.megasena.aposta.utils.ApostaUtils.criarAposta(ApostaUtils.java:198)
	at com.megasena.aposta.utils.ApostaUtils.criarAposta(ApostaUtils.java:198)
	at com.megasena.aposta.utils.ApostaUtils.criarAposta(ApostaUtils.java:198)
	at com.megasena.aposta.utils.ApostaUtils.criarAposta(ApostaUtils.java:198)
	at com.megasena.aposta.utils.ApostaUtils.criarAposta(ApostaUtils.java:198)
	at com.megasena.aposta.utils.ApostaUtils.criarAposta(ApostaUtils.java:198)
	at com.megasena.aposta.utils.ApostaUtils.criarAposta(ApostaUtils.java:198)
	at com.megasena.aposta.utils.ApostaUtils.criarAposta(ApostaUtils.java:198)
	at com.megasena.aposta.utils.ApostaUtils.criarAposta(ApostaUtils.java:198)
	at com.megasena.aposta.utils.ApostaUtils.criarAposta(ApostaUtils.java:198)
	at com.megasena.aposta.utils.ApostaUtils.criarAposta(ApostaUtils.java:198)
	at com.megasena.aposta.utils.ApostaUtils.criarAposta(ApostaUtils.java:198)
	at com.megasena.aposta.utils.ApostaUtils.criarAposta(ApostaUtils.java:198)
	at com.megasena.aposta.utils.ApostaUtils.criarAposta(ApostaUtils.java:198)
	at com.megasena.aposta.utils.ApostaUtils.criarAposta(ApostaUtils.java:198)
	at com.megasena.aposta.utils.ApostaUtils.criarAposta(ApostaUtils.java:198)
	at com.megasena.aposta.utils.ApostaUtils.criarAposta(ApostaUtils.java:198)
	at com.megasena.aposta.utils.ApostaUtils.criarAposta(ApostaUtils.java:198)
	at com.megasena.aposta.utils.ApostaUtils.criarAposta(ApostaUtils.java:198)
	at com.megasena.aposta.utils.ApostaUtils.criarAposta(ApostaUtils.java:198)
	at com.megasena.aposta.utils.ApostaUtils.criarAposta(ApostaUtils.java:198)
	at com.megasena.aposta.utils.ApostaUtils.criarAposta(ApostaUtils.java:198)
	at com.megasena.aposta.utils.ApostaUtils.criarAposta(ApostaUtils.java:198)
	at com.megasena.aposta.utils.ApostaUtils.criarAposta(ApostaUtils.java:198)
	at com.megasena.aposta.utils.ApostaUtils.criarAposta(ApostaUtils.java:198)
	at com.megasena.aposta.utils.ApostaUtils.criarAposta(ApostaUtils.java:198)
	at com.megasena.aposta.utils.ApostaUtils.criarAposta(ApostaUtils.java:198)
	at com.megasena.aposta.utils.ApostaUtils.criarAposta(ApostaUtils.java:198)
	at com.megasena.aposta.utils.ApostaUtils.criarAposta(ApostaUtils.java:198)
	at com.megasena.aposta.utils.ApostaUtils.criarAposta(ApostaUtils.java:198)
	at com.megasena.aposta.utils.ApostaUtils.criarAposta(ApostaUtils.java:198)
	at com.megasena.aposta.utils.ApostaUtils.criarAposta(ApostaUtils.java:198)
	at com.megasena.aposta.utils.ApostaUtils.criarAposta(ApostaUtils.java:198)
	at com.megasena.aposta.utils.ApostaUtils.criarAposta(ApostaUtils.java:198)
	at com.megasena.aposta.utils.ApostaUtils.criarAposta(ApostaUtils.java:198)
	at com.megasena.aposta.utils.ApostaUtils.criarAposta(ApostaUtils.java:198)
	at com.megasena.aposta.utils.ApostaUtils.criarAposta(ApostaUtils.java:198)
	at com.megasena.aposta.utils.ApostaUtils.criarAposta(ApostaUtils.java:198)
	at com.megasena.aposta.utils.ApostaUtils.criarAposta(ApostaUtils.java:198)
	at com.megasena.aposta.utils.ApostaUtils.criarAposta(ApostaUtils.java:198)
	at com.megasena.aposta.utils.ApostaUtils.criarAposta(ApostaUtils.java:198)
	at com.megasena.aposta.utils.ApostaUtils.criarAposta(ApostaUtils.java:198)
	at com.megasena.aposta.utils.ApostaUtils.criarAposta(ApostaUtils.java:198)
	at com.megasena.aposta.utils.ApostaUtils.criarAposta(ApostaUtils.java:198)
	at com.megasena.aposta.utils.ApostaUtils.criarAposta(ApostaUtils.java:198)
	at com.megasena.aposta.utils.ApostaUtils.criarAposta(ApostaUtils.java:198)
	at com.megasena.aposta.utils.ApostaUtils.criarAposta(ApostaUtils.java:198)
	at com.megasena.aposta.utils.ApostaUtils.criarAposta(ApostaUtils.java:198)
	at com.megasena.aposta.utils.ApostaUtils.criarAposta(ApostaUtils.java:198)
	at com.megasena.aposta.utils.ApostaUtils.criarAposta(ApostaUtils.java:198)
	at com.megasena.aposta.utils.ApostaUtils.criarAposta(ApostaUtils.java:198)
	at com.megasena.aposta.utils.ApostaUtils.criarAposta(ApostaUtils.java:198)
	at com.megasena.aposta.utils.ApostaUtils.criarAposta(ApostaUtils.java:198)
	at com.megasena.aposta.utils.ApostaUtils.criarAposta(ApostaUtils.java:198)
	at com.megasena.aposta.utils.ApostaUtils.criarAposta(ApostaUtils.java:198)
	at com.megasena.aposta.utils.ApostaUtils.criarAposta(ApostaUtils.java:198)
	at com.megasena.aposta.utils.ApostaUtils.criarAposta(ApostaUtils.java:198)
	at com.megasena.aposta.utils.ApostaUtils.criarAposta(ApostaUtils.java:198)
	at com.megasena.aposta.utils.ApostaUtils.criarAposta(ApostaUtils.java:198)
	at com.megasena.aposta.utils.ApostaUtils.criarAposta(ApostaUtils.java:198)
	at com.megasena.aposta.utils.ApostaUtils.criarAposta(ApostaUtils.java:198)
	at com.megasena.aposta.utils.ApostaUtils.criarAposta(ApostaUtils.java:198)
	at com.megasena.aposta.utils.ApostaUtils.criarAposta(ApostaUtils.java:198)
	at com.megasena.aposta.utils.ApostaUtils.criarAposta(ApostaUtils.java:198)
	at com.megasena.aposta.utils.ApostaUtils.criarAposta(ApostaUtils.java:198)
	at com.megasena.aposta.utils.ApostaUtils.criarAposta(ApostaUtils.java:198)
	at com.megasena.aposta.utils.ApostaUtils.criarAposta(ApostaUtils.java:198)
	at com.megasena.aposta.utils.ApostaUtils.criarAposta(ApostaUtils.java:198)
	at com.megasena.aposta.utils.ApostaUtils.criarAposta(ApostaUtils.java:198)
	at com.megasena.aposta.utils.ApostaUtils.criarAposta(ApostaUtils.java:198)
	at com.megasena.aposta.utils.ApostaUtils.criarAposta(ApostaUtils.java:198)
	at com.megasena.aposta.utils.ApostaUtils.criarAposta(ApostaUtils.java:198)
	at com.megasena.aposta.utils.ApostaUtils.criarAposta(ApostaUtils.java:198)
	at com.megasena.aposta.utils.ApostaUtils.criarAposta(ApostaUtils.java:198)
	at com.megasena.aposta.utils.ApostaUtils.criarAposta(ApostaUtils.java:198)
	at com.megasena.aposta.utils.ApostaUtils.criarAposta(ApostaUtils.java:198)
	at com.megasena.aposta.utils.ApostaUtils.criarAposta(ApostaUtils.java:198)
	at com.megasena.aposta.utils.ApostaUtils.criarAposta(ApostaUtils.java:198)
	at com.megasena.aposta.utils.ApostaUtils.criarAposta(ApostaUtils.java:198)
	at com.megasena.aposta.utils.ApostaUtils.criarAposta(ApostaUtils.java:198)
	at com.megasena.aposta.utils.ApostaUtils.criarAposta(ApostaUtils.java:198)
	at com.megasena.aposta.utils.ApostaUtils.criarAposta(ApostaUtils.java:198)
	at com.megasena.aposta.utils.ApostaUtils.criarAposta(ApostaUtils.java:198)
	at com.megasena.aposta.utils.ApostaUtils.criarAposta(ApostaUtils.java:198)
	at com.megasena.aposta.utils.ApostaUtils.criarAposta(ApostaUtils.java:198)
	at com.megasena.aposta.utils.ApostaUtils.criarAposta(ApostaUtils.java:198)
	at com.megasena.aposta.utils.ApostaUtils.criarAposta(ApostaUtils.java:198)
	at com.megasena.aposta.utils.ApostaUtils.criarAposta(ApostaUtils.java:198)
	at com.megasena.aposta.utils.ApostaUtils.criarAposta(ApostaUtils.java:198)
	at com.megasena.aposta.utils.ApostaUtils.criarAposta(ApostaUtils.java:198)
	at com.megasena.aposta.utils.ApostaUtils.criarAposta(ApostaUtils.java:198)
	at com.megasena.aposta.utils.ApostaUtils.criarAposta(ApostaUtils.java:198)
	at com.megasena.aposta.utils.ApostaUtils.criarAposta(ApostaUtils.java:198)
	at com.megasena.aposta.utils.ApostaUtils.criarAposta(ApostaUtils.java:198)
	at com.megasena.aposta.utils.ApostaUtils.criarAposta(ApostaUtils.java:198)
	at com.megasena.aposta.utils.ApostaUtils.criarAposta(ApostaUtils.java:198)
	at com.megasena.aposta.utils.ApostaUtils.criarAposta(ApostaUtils.java:198)
	at com.megasena.aposta.utils.ApostaUtils.criarAposta(ApostaUtils.java:198)
	at com.megasena.aposta.utils.ApostaUtils.criarAposta(ApostaUtils.java:198)
	at com.megasena.aposta.utils.ApostaUtils.criarAposta(ApostaUtils.java:198)
	at com.megasena.aposta.utils.ApostaUtils.criarAposta(ApostaUtils.java:198)
	at com.megasena.aposta.utils.ApostaUtils.criarAposta(ApostaUtils.java:198)
	at com.megasena.aposta.utils.ApostaUtils.criarAposta(ApostaUtils.java:198)
	at com.megasena.aposta.utils.ApostaUtils.criarAposta(ApostaUtils.java:198)
	at com.megasena.aposta.utils.ApostaUtils.criarAposta(ApostaUtils.java:198)
	at com.megasena.aposta.utils.ApostaUtils.criarAposta(ApostaUtils.java:198)
	at com.megasena.aposta.utils.ApostaUtils.criarAposta(ApostaUtils.java:198)
	at com.megasena.aposta.utils.ApostaUtils.criarAposta(ApostaUtils.java:198)
	at com.megasena.aposta.utils.ApostaUtils.criarAposta(ApostaUtils.java:198)
	at com.megasena.aposta.utils.ApostaUtils.criarAposta(ApostaUtils.java:198)
	at com.megasena.aposta.utils.ApostaUtils.criarAposta(ApostaUtils.java:198)
	at com.megasena.aposta.utils.ApostaUtils.criarAposta(ApostaUtils.java:198)
	at com.megasena.aposta.utils.ApostaUtils.criarAposta(ApostaUtils.java:198)
	at com.megasena.aposta.utils.ApostaUtils.criarAposta(ApostaUtils.java:198)
	at com.megasena.aposta.utils.ApostaUtils.criarAposta(ApostaUtils.java:198)
	at com.megasena.aposta.utils.ApostaUtils.criarAposta(ApostaUtils.java:198)
	at com.megasena.aposta.utils.ApostaUtils.criarAposta(ApostaUtils.java:198)
	at com.megasena.aposta.utils.ApostaUtils.criarAposta(ApostaUtils.java:198)
	at com.megasena.aposta.utils.ApostaUtils.criarAposta(ApostaUtils.java:198)
	at com.megasena.aposta.utils.ApostaUtils.criarAposta(ApostaUtils.java:198)
	at com.megasena.aposta.utils.ApostaUtils.criarAposta(ApostaUtils.java:198)
	at com.megasena.aposta.utils.ApostaUtils.criarAposta(ApostaUtils.java:198)
	at com.megasena.aposta.utils.ApostaUtils.criarAposta(ApostaUtils.java:198)
	at com.megasena.aposta.utils.ApostaUtils.criarAposta(ApostaUtils.java:198)
	at com.megasena.aposta.utils.ApostaUtils.criarAposta(ApostaUtils.java:198)
	at com.megasena.aposta.utils.ApostaUtils.criarAposta(ApostaUtils.java:198)
	at com.megasena.aposta.utils.ApostaUtils.criarAposta(ApostaUtils.java:198)
	at com.megasena.aposta.utils.ApostaUtils.criarAposta(ApostaUtils.java:198)
	at com.megasena.aposta.utils.ApostaUtils.criarAposta(ApostaUtils.java:198)
	at com.megasena.aposta.utils.ApostaUtils.criarAposta(ApostaUtils.java:198)
	at com.megasena.aposta.utils.ApostaUtils.criarAposta(ApostaUtils.java:198)
	at com.megasena.aposta.utils.ApostaUtils.criarAposta(ApostaUtils.java:198)
	at com.megasena.aposta.utils.ApostaUtils.criarAposta(ApostaUtils.java:198)
	at com.megasena.aposta.utils.ApostaUtils.criarAposta(ApostaUtils.java:198)
	at com.megasena.aposta.utils.ApostaUtils.criarAposta(ApostaUtils.java:198)
	at com.megasena.aposta.utils.ApostaUtils.criarAposta(ApostaUtils.java:198)
	at com.megasena.aposta.utils.ApostaUtils.criarAposta(ApostaUtils.java:198)
	at com.megasena.aposta.utils.ApostaUtils.criarAposta(ApostaUtils.java:198)
	at com.megasena.aposta.utils.ApostaUtils.criarAposta(ApostaUtils.java:198)
	at com.megasena.aposta.utils.ApostaUtils.criarAposta(ApostaUtils.java:198)
	at com.megasena.aposta.utils.ApostaUtils.criarAposta(ApostaUtils.java:198)
	at com.megasena.aposta.utils.ApostaUtils.criarAposta(ApostaUtils.java:198)
	at com.megasena.aposta.utils.ApostaUtils.criarAposta(ApostaUtils.java:198)
	at com.megasena.aposta.utils.ApostaUtils.criarAposta(ApostaUtils.java:198)
	at com.megasena.aposta.utils.ApostaUtils.criarAposta(ApostaUtils.java:198)
	at com.megasena.aposta.utils.ApostaUtils.criarAposta(ApostaUtils.java:198)
	at com.megasena.aposta.utils.ApostaUtils.criarAposta(ApostaUtils.java:198)
	at com.megasena.aposta.utils.ApostaUtils.criarAposta(ApostaUtils.java:198)
	at com.megasena.aposta.utils.ApostaUtils.criarAposta(ApostaUtils.java:198)
	at com.megasena.aposta.utils.ApostaUtils.criarAposta(ApostaUtils.java:198)
	at com.megasena.aposta.utils.ApostaUtils.criarAposta(ApostaUtils.java:198)
	at com.megasena.aposta.utils.ApostaUtils.criarAposta(ApostaUtils.java:198)
	at com.megasena.aposta.utils.ApostaUtils.criarAposta(ApostaUtils.java:198)
	at com.megasena.aposta.utils.ApostaUtils.criarAposta(ApostaUtils.java:198)
	at com.megasena.aposta.utils.ApostaUtils.criarAposta(ApostaUtils.java:198)
	at com.megasena.aposta.utils.ApostaUtils.criarAposta(ApostaUtils.java:198)
	at com.megasena.aposta.utils.ApostaUtils.criarAposta(ApostaUtils.java:198)
	at com.megasena.aposta.utils.ApostaUtils.criarAposta(ApostaUtils.java:198)
	at com.megasena.aposta.utils.ApostaUtils.criarAposta(ApostaUtils.java:198)
	at com.megasena.aposta.utils.ApostaUtils.criarAposta(ApostaUtils.java:198)
	at com.megasena.aposta.utils.ApostaUtils.criarAposta(ApostaUtils.java:198)
	at com.megasena.aposta.utils.ApostaUtils.criarAposta(ApostaUtils.java:198)
	at com.megasena.aposta.utils.ApostaUtils.criarAposta(ApostaUtils.java:198)
	at com.megasena.aposta.utils.ApostaUtils.criarAposta(ApostaUtils.java:198)
	at com.megasena.aposta.utils.ApostaUtils.criarAposta(ApostaUtils.java:198)
	at com.megasena.aposta.utils.ApostaUtils.criarAposta(ApostaUtils.java:198)
	at com.megasena.aposta.utils.ApostaUtils.criarAposta(ApostaUtils.java:198)
	at com.megasena.aposta.utils.ApostaUtils.criarAposta(ApostaUtils.java:198)
	at com.megasena.aposta.utils.ApostaUtils.criarAposta(ApostaUtils.java:198)
	at com.megasena.aposta.utils.ApostaUtils.criarAposta(ApostaUtils.java:198)
	at com.megasena.aposta.utils.ApostaUtils.criarAposta(ApostaUtils.java:198)
	at com.megasena.aposta.utils.ApostaUtils.criarAposta(ApostaUtils.java:198)
	at com.megasena.aposta.utils.ApostaUtils.criarAposta(ApostaUtils.java:198)
	at com.megasena.aposta.utils.ApostaUtils.criarAposta(ApostaUtils.java:198)
	at com.megasena.aposta.utils.ApostaUtils.criarAposta(ApostaUtils.java:198)
	at com.megasena.aposta.utils.ApostaUtils.criarAposta(ApostaUtils.java:198)
	at com.megasena.aposta.utils.ApostaUtils.criarAposta(ApostaUtils.java:198)
	at com.megasena.aposta.utils.ApostaUtils.criarAposta(ApostaUtils.java:198)
	at com.megasena.aposta.utils.ApostaUtils.criarAposta(ApostaUtils.java:198)
	at com.megasena.aposta.utils.ApostaUtils.criarAposta(ApostaUtils.java:198)
	at com.megasena.aposta.utils.ApostaUtils.criarAposta(ApostaUtils.java:198)
	at com.megasena.aposta.utils.ApostaUtils.criarAposta(ApostaUtils.java:198)
	at com.megasena.aposta.utils.ApostaUtils.criarAposta(ApostaUtils.java:198)
	at com.megasena.aposta.utils.ApostaUtils.criarAposta(ApostaUtils.java:198)
	at com.megasena.aposta.utils.ApostaUtils.criarAposta(ApostaUtils.java:198)
	at com.megasena.aposta.utils.ApostaUtils.criarAposta(ApostaUtils.java:198)
	at com.megasena.aposta.utils.ApostaUtils.criarAposta(ApostaUtils.java:198)
	at com.megasena.aposta.utils.ApostaUtils.criarAposta(ApostaUtils.java:198)
	at com.megasena.aposta.utils.ApostaUtils.criarAposta(ApostaUtils.java:198)
	at com.megasena.aposta.utils.ApostaUtils.criarAposta(ApostaUtils.java:198)
	at com.megasena.aposta.utils.ApostaUtils.criarAposta(ApostaUtils.java:198)
	at com.megasena.aposta.utils.ApostaUtils.criarAposta(ApostaUtils.java:198)
	at com.megasena.aposta.utils.ApostaUtils.criarAposta(ApostaUtils.java:198)
	at com.megasena.aposta.utils.ApostaUtils.criarAposta(ApostaUtils.java:198)
	at com.megasena.aposta.utils.ApostaUtils.criarAposta(ApostaUtils.java:198)
	at com.megasena.aposta.utils.ApostaUtils.criarAposta(ApostaUtils.java:198)
	at com.megasena.aposta.utils.ApostaUtils.criarAposta(ApostaUtils.java:198)
	at com.megasena.aposta.utils.ApostaUtils.criarAposta(ApostaUtils.java:198)
	at com.megasena.aposta.utils.ApostaUtils.criarAposta(ApostaUtils.java:198)
	at com.megasena.aposta.utils.ApostaUtils.criarAposta(ApostaUtils.java:198)
	at com.megasena.aposta.utils.ApostaUtils.criarAposta(ApostaUtils.java:198)
	at com.megasena.aposta.utils.ApostaUtils.criarAposta(ApostaUtils.java:198)
	at com.megasena.aposta.utils.ApostaUtils.criarAposta(ApostaUtils.java:198)
	at com.megasena.aposta.utils.ApostaUtils.criarAposta(ApostaUtils.java:198)
	at com.megasena.aposta.utils.ApostaUtils.criarAposta(ApostaUtils.java:198)
	at com.megasena.aposta.utils.ApostaUtils.criarAposta(ApostaUtils.java:198)
	at com.megasena.aposta.utils.ApostaUtils.criarAposta(ApostaUtils.java:198)
	at com.megasena.aposta.utils.ApostaUtils.criarAposta(ApostaUtils.java:198)
	at com.megasena.aposta.utils.ApostaUtils.criarAposta(ApostaUtils.java:198)
	at com.megasena.aposta.utils.ApostaUtils.criarAposta(ApostaUtils.java:198)
	at com.megasena.aposta.utils.ApostaUtils.criarAposta(ApostaUtils.java:198)
	at com.megasena.aposta.utils.ApostaUtils.criarAposta(ApostaUtils.java:198)
	at com.megasena.aposta.utils.ApostaUtils.criarAposta(ApostaUtils.java:198)
	at com.megasena.aposta.utils.ApostaUtils.criarAposta(ApostaUtils.java:198)
	at com.megasena.aposta.utils.ApostaUtils.criarAposta(ApostaUtils.java:198)
	at com.megasena.aposta.utils.ApostaUtils.criarAposta(ApostaUtils.java:198)
	at com.megasena.aposta.utils.ApostaUtils.criarAposta(ApostaUtils.java:198)
	at com.megasena.aposta.utils.ApostaUtils.criarAposta(ApostaUtils.java:198)
	at com.megasena.aposta.utils.ApostaUtils.criarAposta(ApostaUtils.java:198)
	at com.megasena.aposta.utils.ApostaUtils.criarAposta(ApostaUtils.java:198)
	at com.megasena.aposta.utils.ApostaUtils.criarAposta(ApostaUtils.java:198)
	at com.megasena.aposta.utils.ApostaUtils.criarAposta(ApostaUtils.java:198)
	at com.megasena.aposta.utils.ApostaUtils.criarAposta(ApostaUtils.java:198)
	at com.megasena.aposta.utils.ApostaUtils.criarAposta(ApostaUtils.java:198)
	at com.megasena.aposta.utils.ApostaUtils.criarAposta(ApostaUtils.java:198)
	at com.megasena.aposta.utils.ApostaUtils.criarAposta(ApostaUtils.java:198)
	at com.megasena.aposta.utils.ApostaUtils.criarAposta(ApostaUtils.java:198)
	at com.megasena.aposta.utils.ApostaUtils.criarAposta(ApostaUtils.java:198)
	at com.megasena.aposta.utils.ApostaUtils.criarAposta(ApostaUtils.java:198)
	at com.megasena.aposta.utils.ApostaUtils.criarAposta(ApostaUtils.java:198)
	at com.megasena.aposta.utils.ApostaUtils.criarAposta(ApostaUtils.java:198)
	at com.megasena.aposta.utils.ApostaUtils.criarAposta(ApostaUtils.java:198)
	at com.megasena.aposta.utils.ApostaUtils.criarAposta(ApostaUtils.java:198)
	at com.megasena.aposta.utils.ApostaUtils.criarAposta(ApostaUtils.java:198)
	at com.megasena.aposta.utils.ApostaUtils.criarAposta(ApostaUtils.java:198)
	at com.megasena.aposta.utils.ApostaUtils.criarAposta(ApostaUtils.java:198)
	at com.megasena.aposta.utils.ApostaUtils.criarAposta(ApostaUtils.java:198)
	at com.megasena.aposta.utils.ApostaUtils.criarAposta(ApostaUtils.java:198)
	at com.megasena.aposta.utils.ApostaUtils.criarAposta(ApostaUtils.java:198)
	at com.megasena.aposta.utils.ApostaUtils.criarAposta(ApostaUtils.java:198)
	at com.megasena.aposta.utils.ApostaUtils.criarAposta(ApostaUtils.java:198)
	at com.megasena.aposta.utils.ApostaUtils.criarAposta(ApostaUtils.java:198)
	at com.megasena.aposta.utils.ApostaUtils.criarAposta(ApostaUtils.java:198)
	at com.megasena.aposta.utils.ApostaUtils.criarAposta(ApostaUtils.java:198)
	at com.megasena.aposta.utils.ApostaUtils.criarAposta(ApostaUtils.java:198)
	at com.megasena.aposta.utils.ApostaUtils.criarAposta(ApostaUtils.java:198)
	at com.megasena.aposta.utils.ApostaUtils.criarAposta(ApostaUtils.java:198)
	at com.megasena.aposta.utils.ApostaUtils.criarAposta(ApostaUtils.java:198)
	at com.megasena.aposta.utils.ApostaUtils.criarAposta(ApostaUtils.java:198)
	at com.megasena.aposta.utils.ApostaUtils.criarAposta(ApostaUtils.java:198)
	at com.megasena.aposta.utils.ApostaUtils.criarAposta(ApostaUtils.java:198)
	at com.megasena.aposta.utils.ApostaUtils.criarAposta(ApostaUtils.java:198)
	at com.megasena.aposta.utils.ApostaUtils.criarAposta(ApostaUtils.java:198)
	at com.megasena.aposta.utils.ApostaUtils.criarAposta(ApostaUtils.java:198)
	at com.megasena.aposta.utils.ApostaUtils.criarAposta(ApostaUtils.java:198)
	at com.megasena.aposta.utils.ApostaUtils.criarAposta(ApostaUtils.java:198)
	at com.megasena.aposta.utils.ApostaUtils.criarAposta(ApostaUtils.java:198)
	at com.megasena.aposta.utils.ApostaUtils.criarAposta(ApostaUtils.java:198)
	at com.megasena.aposta.utils.ApostaUtils.criarAposta(ApostaUtils.java:198)
	at com.megasena.aposta.utils.ApostaUtils.criarAposta(ApostaUtils.java:198)
	at com.megasena.aposta.utils.ApostaUtils.criarAposta(ApostaUtils.java:198)
	at com.megasena.aposta.utils.ApostaUtils.criarAposta(ApostaUtils.java:198)
	at com.megasena.aposta.utils.ApostaUtils.criarAposta(ApostaUtils.java:198)
	at com.megasena.aposta.utils.ApostaUtils.criarAposta(ApostaUtils.java:198)
	at com.megasena.aposta.utils.ApostaUtils.criarAposta(ApostaUtils.java:198)
	at com.megasena.aposta.utils.ApostaUtils.criarAposta(ApostaUtils.java:198)
	at com.megasena.aposta.utils.ApostaUtils.criarAposta(ApostaUtils.java:198)
	at com.megasena.aposta.utils.ApostaUtils.criarAposta(ApostaUtils.java:198)
	at com.megasena.aposta.utils.ApostaUtils.criarAposta(ApostaUtils.java:198)
	at com.megasena.aposta.utils.ApostaUtils.criarAposta(ApostaUtils.java:198)
	at com.megasena.aposta.utils.ApostaUtils.criarAposta(ApostaUtils.java:198)
	at com.megasena.aposta.utils.ApostaUtils.criarAposta(ApostaUtils.java:198)
	at com.megasena.aposta.utils.ApostaUtils.criarAposta(ApostaUtils.java:198)
	at com.megasena.aposta.utils.ApostaUtils.criarAposta(ApostaUtils.java:198)
	at com.megasena.aposta.utils.ApostaUtils.criarAposta(ApostaUtils.java:198)
	at com.megasena.aposta.utils.ApostaUtils.criarAposta(ApostaUtils.java:198)
	at com.megasena.aposta.utils.ApostaUtils.criarAposta(ApostaUtils.java:198)
	at com.megasena.aposta.utils.ApostaUtils.criarAposta(ApostaUtils.java:198)
	at com.megasena.aposta.utils.ApostaUtils.criarAposta(ApostaUtils.java:198)
	at com.megasena.aposta.utils.ApostaUtils.criarAposta(ApostaUtils.java:198)
	at com.megasena.aposta.utils.ApostaUtils.criarAposta(ApostaUtils.java:198)
	at com.megasena.aposta.utils.ApostaUtils.criarAposta(ApostaUtils.java:198)
	at com.megasena.aposta.utils.ApostaUtils.criarAposta(ApostaUtils.java:198)
	at com.megasena.aposta.utils.ApostaUtils.criarAposta(ApostaUtils.java:198)
	at com.megasena.aposta.utils.ApostaUtils.criarAposta(ApostaUtils.java:198)
	at com.megasena.aposta.utils.ApostaUtils.criarAposta(ApostaUtils.java:198)
	at com.megasena.aposta.utils.ApostaUtils.criarAposta(ApostaUtils.java:198)
	at com.megasena.aposta.utils.ApostaUtils.criarAposta(ApostaUtils.java:198)
	at com.megasena.aposta.utils.ApostaUtils.criarAposta(ApostaUtils.java:198)
	at com.megasena.aposta.utils.ApostaUtils.criarAposta(ApostaUtils.java:198)
	at com.megasena.aposta.utils.ApostaUtils.criarAposta(ApostaUtils.java:198)
	at com.megasena.aposta.utils.ApostaUtils.criarAposta(ApostaUtils.java:198)
	at com.megasena.aposta.utils.ApostaUtils.criarAposta(ApostaUtils.java:198)
	at com.megasena.aposta.utils.ApostaUtils.criarAposta(ApostaUtils.java:198)
	at com.megasena.aposta.utils.ApostaUtils.criarAposta(ApostaUtils.java:198)
	at com.megasena.aposta.utils.ApostaUtils.criarAposta(ApostaUtils.java:198)
	at com.megasena.aposta.utils.ApostaUtils.criarAposta(ApostaUtils.java:198)
	at com.megasena.aposta.utils.ApostaUtils.criarAposta(ApostaUtils.java:198)
	at com.megasena.aposta.utils.ApostaUtils.criarAposta(ApostaUtils.java:198)
	at com.megasena.aposta.utils.ApostaUtils.criarAposta(ApostaUtils.java:198)
	at com.megasena.aposta.utils.ApostaUtils.criarAposta(ApostaUtils.java:198)
	at com.megasena.aposta.utils.ApostaUtils.criarAposta(ApostaUtils.java:198)
	at com.megasena.aposta.utils.ApostaUtils.criarAposta(ApostaUtils.java:198)
	at com.megasena.aposta.utils.ApostaUtils.criarAposta(ApostaUtils.java:198)
	at com.megasena.aposta.utils.ApostaUtils.criarAposta(ApostaUtils.java:198)
	at com.megasena.aposta.utils.ApostaUtils.criarAposta(ApostaUtils.java:198)
	at com.megasena.aposta.utils.ApostaUtils.criarAposta(ApostaUtils.java:198)
	at com.megasena.aposta.utils.ApostaUtils.criarAposta(ApostaUtils.java:198)
	at com.megasena.aposta.utils.ApostaUtils.criarAposta(ApostaUtils.java:198)
	at com.megasena.aposta.utils.ApostaUtils.criarAposta(ApostaUtils.java:198)
	at com.megasena.aposta.utils.ApostaUtils.criarAposta(ApostaUtils.java:198)
	at com.megasena.aposta.utils.ApostaUtils.criarAposta(ApostaUtils.java:198)
	at com.megasena.aposta.utils.ApostaUtils.criarAposta(ApostaUtils.java:198)
	at com.megasena.aposta.utils.ApostaUtils.criarAposta(ApostaUtils.java:198)
	at com.megasena.aposta.utils.ApostaUtils.criarAposta(ApostaUtils.java:198)
	at com.megasena.aposta.utils.ApostaUtils.criarAposta(ApostaUtils.java:198)
	at com.megasena.aposta.utils.ApostaUtils.criarAposta(ApostaUtils.java:198)
	at com.megasena.aposta.utils.ApostaUtils.criarAposta(ApostaUtils.java:198)
	at com.megasena.aposta.utils.ApostaUtils.criarAposta(ApostaUtils.java:198)
	at com.megasena.aposta.utils.ApostaUtils.criarAposta(ApostaUtils.java:198)
	at com.megasena.aposta.utils.ApostaUtils.criarAposta(ApostaUtils.java:198)
	at com.megasena.aposta.utils.ApostaUtils.criarAposta(ApostaUtils.java:198)
	at com.megasena.aposta.utils.ApostaUtils.criarAposta(ApostaUtils.java:198)
	at com.megasena.aposta.utils.ApostaUtils.criarAposta(ApostaUtils.java:198)
	at com.megasena.aposta.utils.ApostaUtils.criarAposta(ApostaUtils.java:198)
	at com.megasena.aposta.utils.ApostaUtils.criarAposta(ApostaUtils.java:198)
	at com.megasena.aposta.utils.ApostaUtils.criarAposta(ApostaUtils.java:198)
	at com.megasena.aposta.utils.ApostaUtils.criarAposta(ApostaUtils.java:198)
	at com.megasena.aposta.utils.ApostaUtils.criarAposta(ApostaUtils.java:198)
	at com.megasena.aposta.utils.ApostaUtils.criarAposta(ApostaUtils.java:198)
	at com.megasena.aposta.utils.ApostaUtils.criarAposta(ApostaUtils.java:198)
	at com.megasena.aposta.utils.ApostaUtils.criarAposta(ApostaUtils.java:198)
	at com.megasena.aposta.utils.ApostaUtils.criarAposta(ApostaUtils.java:198)
	at com.megasena.aposta.utils.ApostaUtils.criarAposta(ApostaUtils.java:198)
	at com.megasena.aposta.utils.ApostaUtils.criarAposta(ApostaUtils.java:198)
	at com.megasena.aposta.utils.ApostaUtils.criarAposta(ApostaUtils.java:198)
	at com.megasena.aposta.utils.ApostaUtils.criarAposta(ApostaUtils.java:198)
	at com.megasena.aposta.utils.ApostaUtils.criarAposta(ApostaUtils.java:198)
	at com.megasena.aposta.utils.ApostaUtils.criarAposta(ApostaUtils.java:198)
	at com.megasena.aposta.utils.ApostaUtils.criarAposta(ApostaUtils.java:198)
	at com.megasena.aposta.utils.ApostaUtils.criarAposta(ApostaUtils.java:198)
	at com.megasena.aposta.utils.ApostaUtils.criarAposta(ApostaUtils.java:198)
	at com.megasena.aposta.utils.ApostaUtils.criarAposta(ApostaUtils.java:198)
	at com.megasena.aposta.utils.ApostaUtils.criarAposta(ApostaUtils.java:198)
	at com.megasena.aposta.utils.ApostaUtils.criarAposta(ApostaUtils.java:198)
	at com.megasena.aposta.utils.ApostaUtils.criarAposta(ApostaUtils.java:198)
	at com.megasena.aposta.utils.ApostaUtils.criarAposta(ApostaUtils.java:198)
	at com.megasena.aposta.utils.ApostaUtils.criarAposta(ApostaUtils.java:198)
	at com.megasena.aposta.utils.ApostaUtils.criarAposta(ApostaUtils.java:198)
	at com.megasena.aposta.utils.ApostaUtils.criarAposta(ApostaUtils.java:198)
	at com.megasena.aposta.utils.ApostaUtils.criarAposta(ApostaUtils.java:198)
	at com.megasena.aposta.utils.ApostaUtils.criarAposta(ApostaUtils.java:198)
	at com.megasena.aposta.utils.ApostaUtils.criarAposta(ApostaUtils.java:198)
	at com.megasena.aposta.utils.ApostaUtils.criarAposta(ApostaUtils.java:198)
	at com.megasena.aposta.utils.ApostaUtils.criarAposta(ApostaUtils.java:198)
	at com.megasena.aposta.utils.ApostaUtils.criarAposta(ApostaUtils.java:198)
	at com.megasena.aposta.utils.ApostaUtils.criarAposta(ApostaUtils.java:198)
	at com.megasena.aposta.utils.ApostaUtils.criarAposta(ApostaUtils.java:198)
	at com.megasena.aposta.utils.ApostaUtils.criarAposta(ApostaUtils.java:198)
	at com.megasena.aposta.utils.ApostaUtils.criarAposta(ApostaUtils.java:198)
	at com.megasena.aposta.utils.ApostaUtils.criarAposta(ApostaUtils.java:198)
	at com.megasena.aposta.utils.ApostaUtils.criarAposta(ApostaUtils.java:198)
	at com.megasena.aposta.utils.ApostaUtils.criarAposta(ApostaUtils.java:198)
	at com.megasena.aposta.utils.ApostaUtils.criarAposta(ApostaUtils.java:198)
	at com.megasena.aposta.utils.ApostaUtils.criarAposta(ApostaUtils.java:198)
	at com.megasena.aposta.utils.ApostaUtils.criarAposta(ApostaUtils.java:198)
	at com.megasena.aposta.utils.ApostaUtils.criarAposta(ApostaUtils.java:198)
	at com.megasena.aposta.utils.ApostaUtils.criarAposta(ApostaUtils.java:198)
	at com.megasena.aposta.utils.ApostaUtils.criarAposta(ApostaUtils.java:198)
	at com.megasena.aposta.utils.ApostaUtils.criarAposta(ApostaUtils.java:198)
	at com.megasena.aposta.utils.ApostaUtils.criarAposta(ApostaUtils.java:198)
	at com.megasena.aposta.utils.ApostaUtils.criarAposta(ApostaUtils.java:198)
	at com.megasena.aposta.utils.ApostaUtils.criarAposta(ApostaUtils.java:198)
	at com.megasena.aposta.utils.ApostaUtils.criarAposta(ApostaUtils.java:198)
	at com.megasena.aposta.utils.ApostaUtils.criarAposta(ApostaUtils.java:198)
	at com.megasena.aposta.utils.ApostaUtils.criarAposta(ApostaUtils.java:198)
	at com.megasena.aposta.utils.ApostaUtils.criarAposta(ApostaUtils.java:198)
	at com.megasena.aposta.utils.ApostaUtils.criarAposta(ApostaUtils.java:198)
	at com.megasena.aposta.utils.ApostaUtils.criarAposta(ApostaUtils.java:198)
	at com.megasena.aposta.utils.ApostaUtils.criarAposta(ApostaUtils.java:198)
	at com.megasena.aposta.utils.ApostaUtils.criarAposta(ApostaUtils.java:198)
	at com.megasena.aposta.utils.ApostaUtils.criarAposta(ApostaUtils.java:198)
	at com.megasena.aposta.utils.ApostaUtils.criarAposta(ApostaUtils.java:198)
	at com.megasena.aposta.utils.ApostaUtils.criarAposta(ApostaUtils.java:198)
	at com.megasena.aposta.utils.ApostaUtils.criarAposta(ApostaUtils.java:198)
	at com.megasena.aposta.utils.ApostaUtils.criarAposta(ApostaUtils.java:198)
	at com.megasena.aposta.utils.ApostaUtils.criarAposta(ApostaUtils.java:198)
	at com.megasena.aposta.utils.ApostaUtils.criarAposta(ApostaUtils.java:198)
	at com.megasena.aposta.utils.ApostaUtils.criarAposta(ApostaUtils.java:198)
	at com.megasena.aposta.utils.ApostaUtils.criarAposta(ApostaUtils.java:198)
	at com.megasena.aposta.utils.ApostaUtils.criarAposta(ApostaUtils.java:198)
	at com.megasena.aposta.utils.ApostaUtils.criarAposta(ApostaUtils.java:198)
	at com.megasena.aposta.utils.ApostaUtils.criarAposta(ApostaUtils.java:198)
	at com.megasena.aposta.utils.ApostaUtils.criarAposta(ApostaUtils.java:198)
	at com.megasena.aposta.utils.ApostaUtils.criarAposta(ApostaUtils.java:198)
	at com.megasena.aposta.utils.ApostaUtils.criarAposta(ApostaUtils.java:198)
	at com.megasena.aposta.utils.ApostaUtils.criarAposta(ApostaUtils.java:198)
	at com.megasena.aposta.utils.ApostaUtils.criarAposta(ApostaUtils.java:198)
	at com.megasena.aposta.utils.ApostaUtils.criarAposta(ApostaUtils.java:198)
	at com.megasena.aposta.utils.ApostaUtils.criarAposta(ApostaUtils.java:198)
	at com.megasena.aposta.utils.ApostaUtils.criarAposta(ApostaUtils.java:198)
	at com.megasena.aposta.utils.ApostaUtils.criarAposta(ApostaUtils.java:198)
	at com.megasena.aposta.utils.ApostaUtils.criarAposta(ApostaUtils.java:198)
	at com.megasena.aposta.utils.ApostaUtils.criarAposta(ApostaUtils.java:198)
	at com.megasena.aposta.utils.ApostaUtils.criarAposta(ApostaUtils.java:198)
	at com.megasena.aposta.utils.ApostaUtils.criarAposta(ApostaUtils.java:198)
	at com.megasena.aposta.utils.ApostaUtils.criarAposta(ApostaUtils.java:198)
	at com.megasena.aposta.utils.ApostaUtils.criarAposta(ApostaUtils.java:198)
	at com.megasena.aposta.utils.ApostaUtils.criarAposta(ApostaUtils.java:198)
	at com.megasena.aposta.utils.ApostaUtils.criarAposta(ApostaUtils.java:198)
	at com.megasena.aposta.utils.ApostaUtils.criarAposta(ApostaUtils.java:198)
	at com.megasena.aposta.utils.ApostaUtils.criarAposta(ApostaUtils.java:198)
	at com.megasena.aposta.utils.ApostaUtils.criarAposta(ApostaUtils.java:198)
	at com.megasena.aposta.utils.ApostaUtils.criarAposta(ApostaUtils.java:198)
	at com.megasena.aposta.utils.ApostaUtils.criarAposta(ApostaUtils.java:198)
	at com.megasena.aposta.utils.ApostaUtils.criarAposta(ApostaUtils.java:198)
	at com.megasena.aposta.utils.ApostaUtils.criarAposta(ApostaUtils.java:198)
	at com.megasena.aposta.utils.ApostaUtils.criarAposta(ApostaUtils.java:198)
	at com.megasena.aposta.utils.ApostaUtils.criarAposta(ApostaUtils.java:198)
	at com.megasena.aposta.utils.ApostaUtils.criarAposta(ApostaUtils.java:198)
	at com.megasena.aposta.utils.ApostaUtils.criarAposta(ApostaUtils.java:198)
	at com.megasena.aposta.utils.ApostaUtils.criarAposta(ApostaUtils.java:198)
	at com.megasena.aposta.utils.ApostaUtils.criarAposta(ApostaUtils.java:198)
	at com.megasena.aposta.utils.ApostaUtils.criarAposta(ApostaUtils.java:198)
	at com.megasena.aposta.utils.ApostaUtils.criarAposta(ApostaUtils.java:198)
	at com.megasena.aposta.utils.ApostaUtils.criarAposta(ApostaUtils.java:198)
	at com.megasena.aposta.utils.ApostaUtils.criarAposta(ApostaUtils.java:198)
	at com.megasena.aposta.utils.ApostaUtils.criarAposta(ApostaUtils.java:198)
	at com.megasena.aposta.utils.ApostaUtils.criarAposta(ApostaUtils.java:198)
	at com.megasena.aposta.utils.ApostaUtils.criarAposta(ApostaUtils.java:198)
	at com.megasena.aposta.utils.ApostaUtils.criarAposta(ApostaUtils.java:198)
	at com.megasena.aposta.utils.ApostaUtils.criarAposta(ApostaUtils.java:198)
	at com.megasena.aposta.utils.ApostaUtils.criarAposta(ApostaUtils.java:198)
	at com.megasena.aposta.utils.ApostaUtils.criarAposta(ApostaUtils.java:198)
	at com.megasena.aposta.utils.ApostaUtils.criarAposta(ApostaUtils.java:198)
	at com.megasena.aposta.utils.ApostaUtils.criarAposta(ApostaUtils.java:198)
	at com.megasena.aposta.utils.ApostaUtils.criarAposta(ApostaUtils.java:198)
	at com.megasena.aposta.utils.ApostaUtils.criarAposta(ApostaUtils.java:198)
	at com.megasena.aposta.utils.ApostaUtils.criarAposta(ApostaUtils.java:198)
	at com.megasena.aposta.utils.ApostaUtils.criarAposta(ApostaUtils.java:198)
	at com.megasena.aposta.utils.ApostaUtils.criarAposta(ApostaUtils.java:198)
	at com.megasena.aposta.utils.ApostaUtils.criarAposta(ApostaUtils.java:198)
	at com.megasena.aposta.utils.ApostaUtils.criarAposta(ApostaUtils.java:198)
	at com.megasena.aposta.utils.ApostaUtils.criarAposta(ApostaUtils.java:198)
	at com.megasena.aposta.utils.ApostaUtils.criarAposta(ApostaUtils.java:198)
	at com.megasena.aposta.utils.ApostaUtils.criarAposta(ApostaUtils.java:198)
	at com.megasena.aposta.utils.ApostaUtils.criarAposta(ApostaUtils.java:198)
	at com.megasena.aposta.utils.ApostaUtils.criarAposta(ApostaUtils.java:198)
	at com.megasena.aposta.utils.ApostaUtils.criarAposta(ApostaUtils.java:198)
]]></error>
  </testcase>
</testsuite>